2025-10-03 22:18:21,633 - INFO - Connecting to 91.108.56.139:443/TcpFull...
2025-10-03 22:18:21,737 - INFO - Connection to 91.108.56.139:443/TcpFull complete!
2025-10-03 22:18:25,944 - INFO - TRADER BOT STARTED - Monitoring 1 positions
2025-10-03 22:37:22,195 - INFO - MESSAGE NOT IN TARGET TOPIC (Topic ID: 76476): 'How much X do you use and how many usdt for one tr...'
2025-10-03 22:37:39,278 - INFO - MESSAGE NOT IN TARGET TOPIC (Topic ID: None): 'ARKM...'
2025-10-03 22:37:44,542 - INFO - MESSAGE NOT IN TARGET TOPIC (Topic ID: None): 'Taking a dive down...'
2025-10-03 22:37:51,810 - INFO - MESSAGE NOT IN TARGET TOPIC (Topic ID: None): 'Should keep open ?...'
2025-10-03 22:38:06,177 - INFO - MESSAGE NOT IN TARGET TOPIC (Topic ID: 76484): 'i assume 2% risk and x20 leverage...'
2025-10-03 22:39:44,533 - INFO - MESSAGE NOT IN TARGET TOPIC (Topic ID: 76487): 'SL was given...'
2025-10-03 22:39:58,427 - INFO - MESSAGE NOT IN TARGET TOPIC (Topic ID: None): 'If 2 convert to Dollar how much it should be...'
2025-10-03 22:48:31,060 - WARNING - Cannot get difference since the account is likely misusing the session: database is locked
2025-10-03 22:48:31,062 - INFO - Disconnecting from 91.108.56.139:443/TcpFull...
2025-10-03 22:48:31,063 - INFO - Disconnection from 91.108.56.139:443/TcpFull complete!
2025-10-03 22:48:31,063 - ERROR - Unhandled exception from keepalive_handle after cancelling <class '_asyncio.Task'> (<Task finished name='Task-8' coro=<UpdateMethods._keepalive_loop() done, defined at C:\Users\somap\AppData\Local\Programs\Python\Python310\lib\site-packages\telethon\client\updates.py:485> exception=OperationalError('database is locked')>)
Traceback (most recent call last):
  File "C:\Users\somap\AppData\Local\Programs\Python\Python310\lib\site-packages\telethon\helpers.py", line 176, in _cancel
    await task
  File "C:\Users\somap\AppData\Local\Programs\Python\Python310\lib\site-packages\telethon\client\updates.py", line 521, in _keepalive_loop
    await self._save_states_and_entities()
  File "C:\Users\somap\AppData\Local\Programs\Python\Python310\lib\site-packages\telethon\client\telegrambaseclient.py", line 701, in _save_states_and_entities
    self.session.process_entities(
  File "C:\Users\somap\AppData\Local\Programs\Python\Python310\lib\site-packages\telethon\sessions\sqlite.py", line 301, in process_entities
    c.executemany(
sqlite3.OperationalError: database is locked
2025-10-03 22:48:36,702 - ERROR - Task exception was never retrieved
future: <Task finished name='Task-183' coro=<TelegramBaseClient._disconnect_coro() done, defined at C:\Users\somap\AppData\Local\Programs\Python\Python310\lib\site-packages\telethon\client\telegrambaseclient.py:716> exception=OperationalError('database is locked')>
Traceback (most recent call last):
  File "C:\Users\somap\AppData\Local\Programs\Python\Python310\lib\site-packages\telethon\client\telegrambaseclient.py", line 746, in _disconnect_coro
    await self._save_states_and_entities()
  File "C:\Users\somap\AppData\Local\Programs\Python\Python310\lib\site-packages\telethon\client\telegrambaseclient.py", line 701, in _save_states_and_entities
    self.session.process_entities(
  File "C:\Users\somap\AppData\Local\Programs\Python\Python310\lib\site-packages\telethon\sessions\sqlite.py", line 301, in process_entities
    c.executemany(
sqlite3.OperationalError: database is locked
2025-10-03 22:48:36,704 - INFO - Not disconnecting (already have no connection)
2025-10-03 22:48:36,704 - ERROR - Unhandled exception from keepalive_handle after cancelling <class '_asyncio.Task'> (<Task finished name='Task-8' coro=<UpdateMethods._keepalive_loop() done, defined at C:\Users\somap\AppData\Local\Programs\Python\Python310\lib\site-packages\telethon\client\updates.py:485> exception=OperationalError('database is locked')>)
Traceback (most recent call last):
  File "C:\Users\somap\AppData\Local\Programs\Python\Python310\lib\site-packages\telethon\helpers.py", line 176, in _cancel
    await task
sqlite3.OperationalError: database is locked
2025-10-03 22:48:42,225 - ERROR - TRADER ERROR: database is locked
2025-10-03 23:00:49,950 - INFO - Connecting to 149.154.167.51:443/TcpFull...
2025-10-03 23:00:55,740 - INFO - Connection to 149.154.167.51:443/TcpFull complete!
2025-10-03 23:01:25,577 - INFO - Phone migrated to 5
2025-10-03 23:01:25,791 - INFO - Reconnecting to new data center 5
2025-10-03 23:01:26,019 - INFO - Disconnecting from 149.154.167.51:443/TcpFull...
2025-10-03 23:01:26,020 - INFO - Disconnection from 149.154.167.51:443/TcpFull complete!
2025-10-03 23:01:26,021 - INFO - Connecting to 91.108.56.139:443/TcpFull...
2025-10-03 23:01:27,573 - INFO - Connection to 91.108.56.139:443/TcpFull complete!
2025-10-03 23:02:08,036 - INFO - TRADER BOT STARTED - Monitoring 1 positions
2025-10-03 23:02:46,682 - INFO - MESSAGE NOT IN TARGET TOPIC (Topic ID: None): 'Regarding the signals, when the price come back do...'
2025-10-03 23:05:33,554 - INFO - MESSAGE NOT IN TARGET TOPIC (Topic ID: None): 'Alt and AkRM dumping...'
2025-10-03 23:05:58,353 - INFO - Got difference for channel 2667026610 updates
2025-10-03 23:07:23,763 - INFO - MESSAGE NOT IN TARGET TOPIC (Topic ID: None): 'thats why Im asking...'
2025-10-03 23:10:14,362 - INFO - MESSAGE NOT IN TARGET TOPIC (Topic ID: 76491): 'yeah bro...'
2025-10-03 23:10:18,290 - INFO - MESSAGE NOT IN TARGET TOPIC (Topic ID: None): 'you can still hold limit...'
2025-10-03 23:10:29,072 - INFO - MESSAGE NOT IN TARGET TOPIC (Topic ID: None): 'thx bro...'
2025-10-03 23:12:41,610 - INFO - MESSAGE NOT IN TARGET TOPIC (Topic ID: None): '**Welcome Majid to CryptoNinjas Private Trading Gr...'
2025-10-03 23:25:04,199 - INFO - MESSAGE NOT IN TARGET TOPIC (Topic ID: None): 'Quick question, what do you think about MYX?...'
2025-10-03 23:32:06,584 - INFO - MESSAGE NOT IN TARGET TOPIC (Topic ID: None): 'We looking for expert instruction for MYX...'
2025-10-03 23:35:06,245 - INFO - MESSAGE NOT IN TARGET TOPIC (Topic ID: 76500): 'MYX dump bro...'
2025-10-03 23:35:18,593 - INFO - MESSAGE NOT IN TARGET TOPIC (Topic ID: None): 'target 4.48 before pump again...'
2025-10-03 23:35:39,476 - INFO - MESSAGE NOT IN TARGET TOPIC (Topic ID: None): 'if stronger it can go back to 1.4...'
2025-10-03 23:42:30,542 - INFO - MESSAGE NOT IN TARGET TOPIC (Topic ID: 76500): 'Yesterday, BTC surged again, about 1-2% to ~$120k,...'
2025-10-03 23:46:15,285 - INFO - [2025-10-03 23:46:15] MESSAGE: 'wait to long ASTER' | SIGNAL: NO_SIGNAL | DETAILS: No valid signal detected
2025-10-03 23:48:53,924 - INFO - MESSAGE NOT IN TARGET TOPIC (Topic ID: None): 'Thank You Sir for kind message...'
2025-10-04 01:30:52,969 - INFO - MESSAGE NOT IN TARGET TOPIC (Topic ID: None): '⚠️ **Trade responsibly and manage your capital wis...'
2025-10-04 01:32:18,920 - INFO - MESSAGE NOT IN TARGET TOPIC (Topic ID: None): 'How about aster...'
2025-10-04 01:35:32,745 - INFO - MESSAGE NOT IN TARGET TOPIC (Topic ID: 76508): 'Aster is now manipulating the streets to scare the...'
2025-10-04 01:45:26,293 - INFO - MESSAGE NOT IN TARGET TOPIC (Topic ID: None): 'Closed PARTI...'
2025-10-04 01:46:29,005 - INFO - MESSAGE NOT IN TARGET TOPIC (Topic ID: None): 'X75 😲...'
2025-10-04 03:08:37,736 - INFO - MESSAGE NOT IN TARGET TOPIC (Topic ID: 57512): '`how many trades do we take per day?`...'
2025-10-04 03:08:38,430 - INFO - MESSAGE NOT IN TARGET TOPIC (Topic ID: 76512): 'We provide approximately 7 signals per day (fewer ...'
2025-10-04 03:13:29,981 - INFO - MESSAGE NOT IN TARGET TOPIC (Topic ID: 57512): '`what is leverage (x5, x10, et`...'
2025-10-04 05:21:03,858 - INFO - Got difference for channel 2667026610 updates
2025-10-04 05:30:51,781 - INFO - MESSAGE NOT IN TARGET TOPIC (Topic ID: None): '⚠️ **Trade responsibly and manage your capital wis...'
2025-10-04 07:17:28,725 - INFO - MESSAGE NOT IN TARGET TOPIC (Topic ID: None): 'Market is dumping...'
2025-10-04 07:17:43,870 - INFO - MESSAGE NOT IN TARGET TOPIC (Topic ID: None): 'Will it pumping again...'
2025-10-04 07:30:51,055 - INFO - MESSAGE NOT IN TARGET TOPIC (Topic ID: None): 'How long after signals are dropped are they still ...'
2025-10-04 08:08:40,577 - INFO - MESSAGE NOT IN TARGET TOPIC (Topic ID: 76518): 'if you miss it and it is still negative compared t...'
2025-10-04 08:09:18,651 - INFO - MESSAGE NOT IN TARGET TOPIC (Topic ID: None): 'Thanks 🙏...'
2025-10-04 08:10:40,497 - INFO - MESSAGE NOT IN TARGET TOPIC (Topic ID: None): 'So if you miss the call and it has gone profitable...'
2025-10-04 08:11:29,650 - INFO - MESSAGE NOT IN TARGET TOPIC (Topic ID: None): 'Meaning hours after the initial call if it comes b...'
2025-10-04 08:27:07,722 - INFO - MESSAGE NOT IN TARGET TOPIC (Topic ID: None): '/c myx 15m...'
2025-10-04 08:32:50,185 - INFO - Got difference for channel 2667026610 updates
2025-10-04 08:38:46,737 - INFO - MESSAGE NOT IN TARGET TOPIC (Topic ID: 76522): 'yeah bro...'
2025-10-04 08:39:03,388 - INFO - MESSAGE NOT IN TARGET TOPIC (Topic ID: None): 'Thanks...'
2025-10-04 08:40:12,567 - INFO - MESSAGE NOT IN TARGET TOPIC (Topic ID: 76522): 'ignore it and wait for a better order because each...'
2025-10-04 08:55:40,344 - INFO - [2025-10-04 08:55:40] MESSAGE: '' | SIGNAL: NO_SIGNAL | DETAILS: No valid signal detected
2025-10-04 09:06:51,663 - INFO - MESSAGE NOT IN TARGET TOPIC (Topic ID: None): 'Market is pump...'
2025-10-04 09:07:13,286 - INFO - MESSAGE NOT IN TARGET TOPIC (Topic ID: None): '...'
2025-10-04 09:30:59,062 - INFO - MESSAGE NOT IN TARGET TOPIC (Topic ID: None): '⚠️ **Trade responsibly and manage your capital wis...'
2025-10-04 09:47:19,125 - INFO - Got difference for account updates
2025-10-04 09:52:33,534 - INFO - MESSAGE NOT IN TARGET TOPIC (Topic ID: None): 'Can i exten sl of AKRM...'
2025-10-04 09:53:38,757 - INFO - Got difference for channel 2667026610 updates
2025-10-04 09:55:38,506 - INFO - MESSAGE NOT IN TARGET TOPIC (Topic ID: None): 'Generally i would not.  Unless you have a good rea...'
2025-10-04 09:56:37,622 - INFO - MESSAGE NOT IN TARGET TOPIC (Topic ID: None): '[MacGregor](tg://user?id=1556425370) i always look...'
2025-10-04 09:57:25,458 - INFO - MESSAGE NOT IN TARGET TOPIC (Topic ID: None): 'Always remember.  Sell the coin when it is a good ...'
2025-10-04 09:57:50,187 - INFO - MESSAGE NOT IN TARGET TOPIC (Topic ID: None): 'The TP that are listed will create greed in your m...'
2025-10-04 09:59:13,951 - INFO - MESSAGE NOT IN TARGET TOPIC (Topic ID: 76535): 'Agree Dear [MacGregor](tg://user?id=1556425370)...'
2025-10-04 10:01:42,815 - INFO - MESSAGE NOT IN TARGET TOPIC (Topic ID: None): 'Boy's do I understand correctly that I can exit As...'
2025-10-04 10:02:09,057 - INFO - MESSAGE NOT IN TARGET TOPIC (Topic ID: None): 'For me TP is a dream that does happen sometimes.  ...'
2025-10-04 10:02:50,572 - INFO - MESSAGE NOT IN TARGET TOPIC (Topic ID: 76537): 'Yes you can.  But remember there is a cost to clos...'
2025-10-04 10:03:12,288 - INFO - MESSAGE NOT IN TARGET TOPIC (Topic ID: None): 'Ypur effectively doubling your costs....'
2025-10-04 10:03:20,977 - INFO - MESSAGE NOT IN TARGET TOPIC (Topic ID: None): 'Thanks 🙏🏻...'
2025-10-04 10:03:46,094 - INFO - MESSAGE NOT IN TARGET TOPIC (Topic ID: None): 'I do it if a red god candle hits.  Then buy in way...'
2025-10-04 10:05:15,715 - INFO - MESSAGE NOT IN TARGET TOPIC (Topic ID: None): 'that's cool...'
2025-10-04 10:20:59,395 - INFO - Disconnecting from 91.108.56.139:443/TcpFull...
2025-10-04 10:20:59,398 - INFO - Disconnection from 91.108.56.139:443/TcpFull complete!
2025-10-04 10:25:02,591 - INFO - SESSION CLEANUP: Removed trader_session.session
2025-10-04 10:25:05,669 - INFO - Connecting to 149.154.167.51:443/TcpFull...
2025-10-04 10:25:07,891 - INFO - Connection to 149.154.167.51:443/TcpFull complete!
2025-10-04 10:25:18,208 - INFO - Phone migrated to 5
2025-10-04 10:25:18,437 - INFO - Reconnecting to new data center 5
2025-10-04 10:25:18,646 - INFO - Disconnecting from 149.154.167.51:443/TcpFull...
2025-10-04 10:25:18,648 - INFO - Disconnection from 149.154.167.51:443/TcpFull complete!
2025-10-04 10:25:18,649 - INFO - Connecting to 91.108.56.139:443/TcpFull...
2025-10-04 10:25:20,144 - INFO - Connection to 91.108.56.139:443/TcpFull complete!
2025-10-04 10:25:31,325 - INFO - TRADER BOT STARTED - Monitoring 1 positions
2025-10-04 10:30:29,705 - INFO - MESSAGE NOT IN TARGET TOPIC (Topic ID: 76527): 'ASTER + 20% profit, close 10% vol then hold...'
2025-10-04 10:31:40,790 - INFO - MESSAGE NOT IN TARGET TOPIC (Topic ID: 76544): 'ASTER + 30% profit, start pumping, move sl to 2.06...'
2025-10-04 10:31:54,112 - INFO - MESSAGE NOT IN TARGET TOPIC (Topic ID: None): 'Hello Aster!!...'
2025-10-04 10:32:02,544 - INFO - MESSAGE NOT IN TARGET TOPIC (Topic ID: None): 'You woke up!...'
2025-10-04 10:32:50,246 - INFO - MESSAGE NOT IN TARGET TOPIC (Topic ID: 76545): 'ASTER + 37% profit, close 10% vol then hold...'
2025-10-04 10:34:43,317 - INFO - MESSAGE NOT IN TARGET TOPIC (Topic ID: 76548): 'ASTER + 40% profit, everyone can move sl to entry ...'
2025-10-04 10:35:41,447 - INFO - MESSAGE NOT IN TARGET TOPIC (Topic ID: 75763): 'FLOKI lead pump strong...'
2025-10-04 10:36:16,786 - INFO - MESSAGE NOT IN TARGET TOPIC (Topic ID: None): 'Cool...'
2025-10-04 10:36:28,268 - INFO - MESSAGE NOT IN TARGET TOPIC (Topic ID: None): 'Is anyone else holding pumpbtc?...'
2025-10-04 10:49:50,361 - INFO - MESSAGE NOT IN TARGET TOPIC (Topic ID: None): 'yep...'
2025-10-04 10:50:45,577 - INFO - MESSAGE NOT IN TARGET TOPIC (Topic ID: None): 'Can BTC break ATH in weekend guys?...'
2025-10-04 10:50:49,001 - INFO - MESSAGE NOT IN TARGET TOPIC (Topic ID: None): 'So crazy...'
2025-10-04 10:51:24,307 - INFO - MESSAGE NOT IN TARGET TOPIC (Topic ID: None): 'Just wondering if I should tae the loss.  Loss inc...'
2025-10-04 10:51:46,264 - INFO - MESSAGE NOT IN TARGET TOPIC (Topic ID: None): 'i will wait for the signal...'
2025-10-04 10:51:54,105 - INFO - MESSAGE NOT IN TARGET TOPIC (Topic ID: 76554): 'US Retail may move money out of USD to BTC etc.  S...'
2025-10-04 10:52:21,289 - INFO - MESSAGE NOT IN TARGET TOPIC (Topic ID: None): 'Can anyone do TA on it?...'
2025-10-04 11:05:02,484 - INFO - MESSAGE NOT IN TARGET TOPIC (Topic ID: None): 'Looks like Pumpbtc has now woken up. 😀...'
2025-10-04 11:06:10,937 - ERROR - Unhandled exception on handler
Traceback (most recent call last):
  File "C:\Users\somap\AppData\Local\Programs\Python\Python310\lib\site-packages\telethon\client\updates.py", line 574, in _dispatch_update
    await callback(event)
  File "C:\Users\somap\Documents\bot\trading_dashboard\trader.py", line 663, in handler
    message_text = event.message.text or event.message.caption or "[No text]"
AttributeError: 'Message' object has no attribute 'caption'
2025-10-04 11:06:46,439 - INFO - MESSAGE NOT IN TARGET TOPIC (Topic ID: 76552): 'i still hold it bro...'
2025-10-04 11:07:40,354 - INFO - MESSAGE NOT IN TARGET TOPIC (Topic ID: 76559): 'do you wan to ask about PUMPBTC...'
2025-10-04 11:07:48,380 - INFO - MESSAGE NOT IN TARGET TOPIC (Topic ID: None): 'You confident it will go?  Its holding allot of my...'
2025-10-04 11:08:11,454 - INFO - MESSAGE NOT IN TARGET TOPIC (Topic ID: 76563): 'Yes.  Just making sure Technicalsstll look good....'
2025-10-04 11:10:22,549 - INFO - MESSAGE NOT IN TARGET TOPIC (Topic ID: 76564): 'bro i think you shouldn't risk it, with my entry a...'
2025-10-04 11:10:37,835 - INFO - MESSAGE NOT IN TARGET TOPIC (Topic ID: None): 'it will be very risky so i think you should reduce...'
2025-10-04 11:11:21,709 - INFO - MESSAGE NOT IN TARGET TOPIC (Topic ID: 76567): 'Same goes for AKRM ?...'
2025-10-04 11:11:29,034 - INFO - MESSAGE NOT IN TARGET TOPIC (Topic ID: None): 'The probability of price dump to clear liquidity a...'
2025-10-04 11:11:34,469 - INFO - MESSAGE NOT IN TARGET TOPIC (Topic ID: None): 'I’m currently down 30% on it...'
2025-10-04 11:11:35,440 - INFO - MESSAGE NOT IN TARGET TOPIC (Topic ID: 76568): 'continue to hold bro...'
2025-10-04 11:11:41,260 - INFO - MESSAGE NOT IN TARGET TOPIC (Topic ID: None): 'It seems to be in an up tred.  i will keep aneye o...'
2025-10-04 11:12:23,795 - INFO - MESSAGE NOT IN TARGET TOPIC (Topic ID: 76570): 'yeah but does that matter?...'
2025-10-04 11:12:24,484 - INFO - MESSAGE NOT IN TARGET TOPIC (Topic ID: None): 'Nahhh...'
2025-10-04 11:12:24,494 - INFO - MESSAGE NOT IN TARGET TOPIC (Topic ID: None): 'Let it do its thing...'
2025-10-04 11:12:28,196 - INFO - MESSAGE NOT IN TARGET TOPIC (Topic ID: 76572): 'yeah bro...'
2025-10-04 11:12:40,269 - INFO - MESSAGE NOT IN TARGET TOPIC (Topic ID: 76570): 'same...'
2025-10-04 11:13:11,312 - INFO - MESSAGE NOT IN TARGET TOPIC (Topic ID: None): 'Ok, will let it run.  :)...'
2025-10-04 11:13:39,550 - INFO - MESSAGE NOT IN TARGET TOPIC (Topic ID: None): 'It didnt really pump when BTC pumped. It was unaff...'
2025-10-04 11:15:33,104 - INFO - MESSAGE NOT IN TARGET TOPIC (Topic ID: None): 'I’ve learned three things from this channel:

1. H...'
2025-10-04 11:16:03,638 - INFO - MESSAGE NOT IN TARGET TOPIC (Topic ID: None): 'Well you didnt learn the stress free from me!!! lo...'
2025-10-04 11:16:15,392 - INFO - MESSAGE NOT IN TARGET TOPIC (Topic ID: None): 'hhaha...'
2025-10-04 11:17:16,818 - INFO - MESSAGE NOT IN TARGET TOPIC (Topic ID: None): 'I learned from Ninjas Group but learned 10% volume...'
2025-10-04 11:17:41,952 - INFO - MESSAGE NOT IN TARGET TOPIC (Topic ID: None): 'No worries mate....'
2025-10-04 11:22:03,877 - INFO - MESSAGE NOT IN TARGET TOPIC (Topic ID: 76526): 'Thanks 🙏 
I appreciate the explanation...'
2025-10-04 11:22:54,119 - INFO - MESSAGE NOT IN TARGET TOPIC (Topic ID: 76585): 'Trying to pyramid your way into an upward move doe...'
2025-10-04 11:36:03,848 - INFO - MESSAGE NOT IN TARGET TOPIC (Topic ID: None): 'With this style of trading what size should each t...'
2025-10-04 11:36:42,116 - INFO - MESSAGE NOT IN TARGET TOPIC (Topic ID: None): 'I think my trade size may be too small....'
2025-10-04 12:10:39,571 - INFO - Got difference for channel 2667026610 updates
2025-10-04 13:25:40,901 - INFO - Got difference for channel 2667026610 updates
2025-10-04 13:30:45,729 - INFO - MESSAGE NOT IN TARGET TOPIC (Topic ID: None): '⚠️ **Trade responsibly and manage your capital wis...'
2025-10-04 14:00:23,484 - INFO - MESSAGE NOT IN TARGET TOPIC (Topic ID: None): 'yeah bro, the important thing is that you understa...'
2025-10-04 14:04:00,494 - INFO - MESSAGE NOT IN TARGET TOPIC (Topic ID: None): 'Whats up with XRP?  Is there some negative news i ...'
2025-10-04 14:04:11,478 - INFO - MESSAGE NOT IN TARGET TOPIC (Topic ID: None): 'Endy? Victor?...'
2025-10-04 14:04:40,852 - INFO - MESSAGE NOT IN TARGET TOPIC (Topic ID: None): 'I expected xrp to hit 3.3....'
2025-10-04 14:04:56,644 - INFO - MESSAGE NOT IN TARGET TOPIC (Topic ID: 76595): 'bro who is Victor...'
2025-10-04 14:06:13,081 - INFO - MESSAGE NOT IN TARGET TOPIC (Topic ID: None): 'Sorry vincent....'
2025-10-04 14:11:04,100 - INFO - MESSAGE NOT IN TARGET TOPIC (Topic ID: 76594): 'bro wait a little...'
2025-10-04 14:12:19,265 - INFO - MESSAGE NOT IN TARGET TOPIC (Topic ID: 76594): 'Bro simply price is running ahead of the market, B...'
2025-10-04 14:12:46,033 - INFO - MESSAGE NOT IN TARGET TOPIC (Topic ID: None): 'Are there any experts on what's happening with som...'
2025-10-04 14:13:27,878 - INFO - MESSAGE NOT IN TARGET TOPIC (Topic ID: 76596): 'It can break this price zone and continue to dump ...'
2025-10-04 14:13:44,051 - INFO - MESSAGE NOT IN TARGET TOPIC (Topic ID: 76601): 'no bro, i still hold with entry before that shared...'
2025-10-04 14:13:53,608 - INFO - MESSAGE NOT IN TARGET TOPIC (Topic ID: None): 'don't order in this time...'
2025-10-04 14:14:05,825 - INFO - MESSAGE NOT IN TARGET TOPIC (Topic ID: None): 'it is very risky...'
2025-10-04 14:14:46,167 - INFO - MESSAGE NOT IN TARGET TOPIC (Topic ID: None): 'thanks...'
2025-10-04 14:16:15,162 - INFO - MESSAGE NOT IN TARGET TOPIC (Topic ID: 76602): 'Ok thanks...'
2025-10-04 15:01:07,589 - INFO - MESSAGE NOT IN TARGET TOPIC (Topic ID: None): 'Market is dump...'
2025-10-04 15:01:38,929 - INFO - MESSAGE NOT IN TARGET TOPIC (Topic ID: None): 'AKRm near to hit sl...'
2025-10-04 15:05:27,403 - INFO - MESSAGE NOT IN TARGET TOPIC (Topic ID: None): 'Yeah its normal on weekend.  WAit for US Retail ma...'
2025-10-04 15:15:47,908 - INFO - MESSAGE NOT IN TARGET TOPIC (Topic ID: None): 'Hi all !...'
2025-10-04 15:24:44,457 - INFO - MESSAGE NOT IN TARGET TOPIC (Topic ID: 2): 'all order have profit, everyone should move sl to ...'
2025-10-04 15:32:11,178 - INFO - MESSAGE NOT IN TARGET TOPIC (Topic ID: None): 'I missed the ASTER trade earlier today, but I see ...'
2025-10-04 15:33:13,599 - INFO - MESSAGE NOT IN TARGET TOPIC (Topic ID: 76614): 'no bro, wait...'
2025-10-04 15:33:25,295 - INFO - MESSAGE NOT IN TARGET TOPIC (Topic ID: 76614): 'i wouldnt take the trade bro...'
2025-10-04 15:40:28,617 - INFO - MESSAGE NOT IN TARGET TOPIC (Topic ID: None): 'Guys, what do you think about TRADOOR?...'
2025-10-04 15:40:37,731 - INFO - MESSAGE NOT IN TARGET TOPIC (Topic ID: None): 'Thank you guys, I’ll just wait 🙏🏾...'
2025-10-04 15:41:11,180 - ERROR - Unhandled exception on handler
Traceback (most recent call last):
  File "C:\Users\somap\AppData\Local\Programs\Python\Python310\lib\site-packages\telethon\client\updates.py", line 574, in _dispatch_update
    await callback(event)
  File "C:\Users\somap\Documents\bot\trading_dashboard\trader.py", line 663, in handler
    message_text = event.message.text or event.message.caption or "[No text]"
AttributeError: 'Message' object has no attribute 'caption'
2025-10-04 15:41:26,561 - INFO - MESSAGE NOT IN TARGET TOPIC (Topic ID: None): 'Will keep open didn’t hit SL yet...'
2025-10-04 15:45:36,319 - INFO - MESSAGE NOT IN TARGET TOPIC (Topic ID: 76620): 'yeah bro...'
2025-10-04 15:46:09,029 - INFO - MESSAGE NOT IN TARGET TOPIC (Topic ID: 76619): 'you are also a whale right, this order vol is only...'
2025-10-04 15:46:37,126 - INFO - MESSAGE NOT IN TARGET TOPIC (Topic ID: 76617): 'pump bro, i checked it but i don't trade TRADOOR...'
2025-10-04 15:47:31,896 - INFO - MESSAGE NOT IN TARGET TOPIC (Topic ID: 2): 'IN SOMI MITO PORT3 pump strong, wait other entry...'
2025-10-04 16:10:44,786 - INFO - Got difference for channel 2529586843 updates
2025-10-04 16:22:45,080 - INFO - MESSAGE NOT IN TARGET TOPIC (Topic ID: None): 'ARKM ,RESOLV heading to sl...'
2025-10-04 16:23:24,905 - INFO - MESSAGE NOT IN TARGET TOPIC (Topic ID: None): 'Yeah...'
2025-10-04 16:28:17,724 - INFO - MESSAGE NOT IN TARGET TOPIC (Topic ID: None): 'What do you think about grass?...'
2025-10-04 16:50:16,713 - WARNING - Server closed the connection: [WinError 1236] The network connection was aborted by the local system
2025-10-04 16:50:16,764 - INFO - Connection closed while receiving data: [WinError 1236] The network connection was aborted by the local system
2025-10-04 16:50:16,838 - INFO - Closing current connection to begin reconnect...
2025-10-04 16:50:16,841 - INFO - Connecting to 91.108.56.139:443/TcpFull...
2025-10-04 16:50:16,847 - INFO - <class 'ConnectionAbortedError'> during disconnect: [WinError 1236] The network connection was aborted by the local system
2025-10-04 16:50:26,859 - WARNING - Attempt 1 at connecting failed: TimeoutError: 
2025-10-04 16:50:37,883 - WARNING - Attempt 2 at connecting failed: TimeoutError: 
2025-10-04 16:50:48,896 - WARNING - Attempt 3 at connecting failed: TimeoutError: 
2025-10-04 16:50:59,893 - WARNING - Attempt 4 at connecting failed: TimeoutError: 
2025-10-04 16:51:10,905 - WARNING - Attempt 5 at connecting failed: TimeoutError: 
2025-10-04 16:51:11,911 - WARNING - Attempt 6 at connecting failed: OSError: [WinError 1231] The network location cannot be reached. For information about network troubleshooting, see Windows Help
2025-10-04 16:51:12,918 - INFO - Failed reconnection attempt 1 with ConnectionError
2025-10-04 16:51:13,926 - INFO - Connecting to 91.108.56.139:443/TcpFull...
2025-10-04 16:51:13,929 - WARNING - Attempt 1 at connecting failed: OSError: [WinError 1231] The network location cannot be reached. For information about network troubleshooting, see Windows Help
2025-10-04 16:51:14,942 - WARNING - Attempt 2 at connecting failed: OSError: [WinError 1231] The network location cannot be reached. For information about network troubleshooting, see Windows Help
2025-10-04 16:51:15,954 - WARNING - Attempt 3 at connecting failed: OSError: [WinError 1231] The network location cannot be reached. For information about network troubleshooting, see Windows Help
2025-10-04 16:51:16,962 - WARNING - Attempt 4 at connecting failed: OSError: [WinError 1231] The network location cannot be reached. For information about network troubleshooting, see Windows Help
2025-10-04 16:51:17,976 - WARNING - Attempt 5 at connecting failed: OSError: [WinError 1231] The network location cannot be reached. For information about network troubleshooting, see Windows Help
2025-10-04 16:51:28,994 - WARNING - Attempt 6 at connecting failed: TimeoutError: 
2025-10-04 16:51:30,007 - INFO - Failed reconnection attempt 2 with ConnectionError
2025-10-04 16:51:31,014 - INFO - Connecting to 91.108.56.139:443/TcpFull...
2025-10-04 16:51:41,028 - WARNING - Attempt 1 at connecting failed: TimeoutError: 
2025-10-04 16:51:52,039 - WARNING - Attempt 2 at connecting failed: TimeoutError: 
2025-10-04 16:52:03,047 - WARNING - Attempt 3 at connecting failed: TimeoutError: 
2025-10-04 16:52:14,063 - WARNING - Attempt 4 at connecting failed: TimeoutError: 
2025-10-04 16:52:25,088 - WARNING - Attempt 5 at connecting failed: TimeoutError: 
2025-10-04 16:52:26,100 - WARNING - Attempt 6 at connecting failed: OSError: [WinError 1232] The network location cannot be reached. For information about network troubleshooting, see Windows Help
2025-10-04 16:52:27,105 - INFO - Failed reconnection attempt 3 with ConnectionError
2025-10-04 16:52:28,132 - INFO - Connecting to 91.108.56.139:443/TcpFull...
2025-10-04 16:52:28,135 - WARNING - Attempt 1 at connecting failed: OSError: [WinError 1232] The network location cannot be reached. For information about network troubleshooting, see Windows Help
2025-10-04 16:52:29,149 - WARNING - Attempt 2 at connecting failed: OSError: [WinError 1232] The network location cannot be reached. For information about network troubleshooting, see Windows Help
2025-10-04 16:52:30,150 - WARNING - Attempt 3 at connecting failed: OSError: [WinError 1232] The network location cannot be reached. For information about network troubleshooting, see Windows Help
2025-10-04 16:52:31,157 - WARNING - Attempt 4 at connecting failed: OSError: [WinError 1232] The network location cannot be reached. For information about network troubleshooting, see Windows Help
2025-10-04 16:52:32,166 - WARNING - Attempt 5 at connecting failed: OSError: [WinError 1232] The network location cannot be reached. For information about network troubleshooting, see Windows Help
2025-10-04 16:52:33,176 - WARNING - Attempt 6 at connecting failed: OSError: [WinError 1232] The network location cannot be reached. For information about network troubleshooting, see Windows Help
2025-10-04 16:52:34,190 - INFO - Failed reconnection attempt 4 with ConnectionError
2025-10-04 16:52:35,200 - INFO - Connecting to 91.108.56.139:443/TcpFull...
2025-10-04 16:52:35,204 - WARNING - Attempt 1 at connecting failed: OSError: [WinError 1232] The network location cannot be reached. For information about network troubleshooting, see Windows Help
2025-10-04 16:52:36,211 - WARNING - Attempt 2 at connecting failed: OSError: [WinError 1232] The network location cannot be reached. For information about network troubleshooting, see Windows Help
2025-10-04 16:52:37,226 - WARNING - Attempt 3 at connecting failed: OSError: [WinError 1232] The network location cannot be reached. For information about network troubleshooting, see Windows Help
2025-10-04 16:52:38,240 - WARNING - Attempt 4 at connecting failed: OSError: [WinError 1232] The network location cannot be reached. For information about network troubleshooting, see Windows Help
2025-10-04 16:52:39,250 - WARNING - Attempt 5 at connecting failed: OSError: [WinError 1232] The network location cannot be reached. For information about network troubleshooting, see Windows Help
2025-10-04 16:52:40,256 - WARNING - Attempt 6 at connecting failed: OSError: [WinError 1232] The network location cannot be reached. For information about network troubleshooting, see Windows Help
2025-10-04 16:52:41,269 - INFO - Failed reconnection attempt 5 with ConnectionError
2025-10-04 16:52:42,284 - ERROR - Automatic reconnection failed 5 time(s)
2025-10-04 16:52:42,285 - INFO - Disconnecting from 91.108.56.139:443/TcpFull...
2025-10-04 16:52:42,286 - INFO - Disconnection from 91.108.56.139:443/TcpFull complete!
2025-10-04 16:52:42,287 - INFO - Not disconnecting (already have no connection)
2025-10-04 16:52:42,302 - ERROR - TRADER ERROR (attempt 1): Connection to Telegram failed 5 time(s)
2025-10-04 16:52:48,338 - INFO - Connecting to 91.108.56.139:443/TcpFull...
2025-10-04 16:52:48,341 - WARNING - Attempt 1 at connecting failed: OSError: [WinError 1232] The network location cannot be reached. For information about network troubleshooting, see Windows Help
2025-10-04 16:52:49,348 - WARNING - Attempt 2 at connecting failed: OSError: [WinError 1232] The network location cannot be reached. For information about network troubleshooting, see Windows Help
2025-10-04 16:52:50,360 - WARNING - Attempt 3 at connecting failed: OSError: [WinError 1232] The network location cannot be reached. For information about network troubleshooting, see Windows Help
2025-10-04 16:52:51,368 - WARNING - Attempt 4 at connecting failed: OSError: [WinError 1232] The network location cannot be reached. For information about network troubleshooting, see Windows Help
2025-10-04 16:52:52,383 - WARNING - Attempt 5 at connecting failed: OSError: [WinError 1232] The network location cannot be reached. For information about network troubleshooting, see Windows Help
2025-10-04 16:52:53,393 - WARNING - Attempt 6 at connecting failed: OSError: [WinError 1232] The network location cannot be reached. For information about network troubleshooting, see Windows Help
2025-10-04 16:52:54,399 - ERROR - TRADER ERROR (attempt 2): Connection to Telegram failed 5 time(s)
2025-10-04 16:53:05,417 - INFO - Connecting to 91.108.56.139:443/TcpFull...
2025-10-04 16:53:05,421 - WARNING - Attempt 1 at connecting failed: OSError: [WinError 1232] The network location cannot be reached. For information about network troubleshooting, see Windows Help
2025-10-04 16:53:06,437 - WARNING - Attempt 2 at connecting failed: OSError: [WinError 1232] The network location cannot be reached. For information about network troubleshooting, see Windows Help
2025-10-04 16:53:07,450 - WARNING - Attempt 3 at connecting failed: OSError: [WinError 1232] The network location cannot be reached. For information about network troubleshooting, see Windows Help
2025-10-04 16:53:08,461 - WARNING - Attempt 4 at connecting failed: OSError: [WinError 1232] The network location cannot be reached. For information about network troubleshooting, see Windows Help
2025-10-04 16:53:09,566 - INFO - Connection to 91.108.56.139:443/TcpFull complete!
2025-10-04 16:53:11,531 - INFO - TRADER BOT STARTED - Monitoring 1 positions
2025-10-04 17:30:45,681 - INFO - MESSAGE NOT IN TARGET TOPIC (Topic ID: None): '⚠️ **Trade responsibly and manage your capital wis...'
2025-10-04 18:18:46,435 - INFO - MESSAGE NOT IN TARGET TOPIC (Topic ID: 76461): 'Close a portion of your total volume of that posit...'
2025-10-04 18:18:52,947 - INFO - MESSAGE NOT IN TARGET TOPIC (Topic ID: 76627): 'Grass is strong...'
2025-10-04 18:18:59,028 - INFO - MESSAGE NOT IN TARGET TOPIC (Topic ID: None): 'I have bene looking for it for weeks...'
2025-10-04 18:19:04,715 - INFO - MESSAGE NOT IN TARGET TOPIC (Topic ID: None): 'It has good recovery power...'
2025-10-04 18:19:28,260 - INFO - MESSAGE NOT IN TARGET TOPIC (Topic ID: None): 'Market is shitty this weekend, even shitcoin :)...'
2025-10-04 18:20:58,718 - INFO - MESSAGE NOT IN TARGET TOPIC (Topic ID: 2890): 'Market is strange this weekend. Although top coin ...'
2025-10-04 18:29:40,955 - INFO - MESSAGE NOT IN TARGET TOPIC (Topic ID: None): 'Dear @enywithoutd Sir
Can we close all trade or ho...'
2025-10-04 18:38:44,880 - INFO - MESSAGE NOT IN TARGET TOPIC (Topic ID: 76636): 'Keep holding brother...'
2025-10-04 18:38:49,915 - INFO - MESSAGE NOT IN TARGET TOPIC (Topic ID: None): 'We have sl and tp...'
2025-10-04 18:38:52,387 - INFO - MESSAGE NOT IN TARGET TOPIC (Topic ID: None): 'Let it run...'
2025-10-04 18:39:12,232 - INFO - MESSAGE NOT IN TARGET TOPIC (Topic ID: 76514): 'what is leverage (x5, x10, etc.)?...'
2025-10-04 18:39:12,910 - INFO - MESSAGE NOT IN TARGET TOPIC (Topic ID: 76640): 'Leverage allows you to borrow funds from the excha...'
2025-10-04 18:55:46,418 - INFO - MESSAGE NOT IN TARGET TOPIC (Topic ID: 57512): 'If someone has $200 in their account, how much USD...'
2025-10-04 18:58:52,567 - INFO - MESSAGE NOT IN TARGET TOPIC (Topic ID: 76642): 'brother i feel like its whatever your comfortable ...'
2025-10-04 18:59:42,759 - INFO - MESSAGE NOT IN TARGET TOPIC (Topic ID: 57512): 'Okay Thank You...'
2025-10-04 19:01:26,858 - INFO - MESSAGE NOT IN TARGET TOPIC (Topic ID: 57512): 'What is the difference between leverage and isolat...'
2025-10-04 19:01:36,801 - INFO - MESSAGE NOT IN TARGET TOPIC (Topic ID: None): 'What is the difference between leverage and isolat...'
2025-10-04 19:39:15,911 - WARNING - Server closed the connection: [WinError 10054] An existing connection was forcibly closed by the remote host
2025-10-04 19:39:15,982 - INFO - Connection closed while receiving data: [WinError 10054] An existing connection was forcibly closed by the remote host
2025-10-04 19:39:16,058 - INFO - Closing current connection to begin reconnect...
2025-10-04 19:39:16,075 - INFO - Connecting to 91.108.56.139:443/TcpFull...
2025-10-04 19:39:16,091 - INFO - <class 'ConnectionResetError'> during disconnect: [WinError 10054] An existing connection was forcibly closed by the remote host
2025-10-04 19:39:16,106 - WARNING - Attempt 1 at connecting failed: OSError: [WinError 1231] The network location cannot be reached. For information about network troubleshooting, see Windows Help
2025-10-04 19:39:17,133 - WARNING - Attempt 2 at connecting failed: OSError: [WinError 1231] The network location cannot be reached. For information about network troubleshooting, see Windows Help
2025-10-04 19:39:18,145 - WARNING - Attempt 3 at connecting failed: OSError: [WinError 1231] The network location cannot be reached. For information about network troubleshooting, see Windows Help
2025-10-04 19:39:19,157 - WARNING - Attempt 4 at connecting failed: OSError: [WinError 1231] The network location cannot be reached. For information about network troubleshooting, see Windows Help
2025-10-04 19:39:20,169 - WARNING - Attempt 5 at connecting failed: OSError: [WinError 1231] The network location cannot be reached. For information about network troubleshooting, see Windows Help
2025-10-04 19:51:03,124 - WARNING - Attempt 6 at connecting failed: OSError: [WinError 1232] The network location cannot be reached. For information about network troubleshooting, see Windows Help
2025-10-04 19:51:04,137 - INFO - Failed reconnection attempt 1 with ConnectionError
2025-10-04 19:51:05,181 - INFO - Connecting to 91.108.56.139:443/TcpFull...
2025-10-04 19:51:05,327 - INFO - Connection to 91.108.56.139:443/TcpFull complete!
2025-10-04 19:55:35,936 - WARNING - Server closed the connection: [WinError 10054] An existing connection was forcibly closed by the remote host
2025-10-04 19:55:36,039 - INFO - Connection closed while receiving data: [WinError 10054] An existing connection was forcibly closed by the remote host
2025-10-04 19:55:36,059 - INFO - Closing current connection to begin reconnect...
2025-10-04 19:55:36,102 - INFO - Connecting to 91.108.56.139:443/TcpFull...
2025-10-04 19:55:36,125 - INFO - <class 'ConnectionResetError'> during disconnect: [WinError 10054] An existing connection was forcibly closed by the remote host
2025-10-04 19:55:36,204 - INFO - Connection to 91.108.56.139:443/TcpFull complete!
2025-10-04 20:42:39,378 - INFO - MESSAGE NOT IN TARGET TOPIC (Topic ID: None): '/c BTC 15m...'
2025-10-04 20:42:42,553 - INFO - MESSAGE NOT IN TARGET TOPIC (Topic ID: None): '[💤Veles.Finance: Trade in your sleep 💤](https://ve...'
2025-10-04 20:49:18,737 - INFO - MESSAGE NOT IN TARGET TOPIC (Topic ID: None): 'coming to 118 or holding?...'
2025-10-04 20:55:33,097 - INFO - MESSAGE NOT IN TARGET TOPIC (Topic ID: None): 'Akram is so close to hit sl...'
2025-10-04 20:55:39,531 - INFO - MESSAGE NOT IN TARGET TOPIC (Topic ID: None): 'God help us...'
2025-10-04 20:58:28,331 - INFO - MESSAGE NOT IN TARGET TOPIC (Topic ID: 76650): 'if it hit sl, we will cover it...'
2025-10-04 20:58:47,093 - INFO - MESSAGE NOT IN TARGET TOPIC (Topic ID: None): 'what problem do you have to ask god for help, ever...'
2025-10-04 20:59:25,796 - INFO - MESSAGE NOT IN TARGET TOPIC (Topic ID: 76600): 'i shared it before that...'
2025-10-04 20:59:49,610 - INFO - MESSAGE NOT IN TARGET TOPIC (Topic ID: None): 'the market pumped so strong and it needs a slight ...'
2025-10-04 21:07:46,029 - INFO - MESSAGE NOT IN TARGET TOPIC (Topic ID: 76654): 'I don't have Arkm, do you think I should buy it? O...'
2025-10-04 21:14:42,956 - INFO - MESSAGE NOT IN TARGET TOPIC (Topic ID: 76656): 'wait new signal bro...'
2025-10-04 21:14:48,473 - INFO - MESSAGE NOT IN TARGET TOPIC (Topic ID: None): 'don't order it again...'
2025-10-04 21:20:37,259 - INFO - MESSAGE NOT IN TARGET TOPIC (Topic ID: 582): 'During the recent bull market, there are still man...'
2025-10-04 21:30:53,912 - INFO - MESSAGE NOT IN TARGET TOPIC (Topic ID: None): '⚠️ **Trade responsibly and manage your capital wis...'
2025-10-04 21:53:43,036 - INFO - MESSAGE NOT IN TARGET TOPIC (Topic ID: None): 'Guys, please advise, can anybody check ASTER now o...'
2025-10-04 21:56:39,684 - INFO - MESSAGE NOT IN TARGET TOPIC (Topic ID: 76661): 'no bro, continue to wait...'
2025-10-04 21:58:42,435 - INFO - MESSAGE NOT IN TARGET TOPIC (Topic ID: None): 'ok bro thanks...'
2025-10-04 22:26:11,571 - ERROR - Unhandled exception on handler
Traceback (most recent call last):
  File "C:\Users\somap\AppData\Local\Programs\Python\Python310\lib\site-packages\telethon\client\updates.py", line 574, in _dispatch_update
    await callback(event)
  File "C:\Users\somap\Documents\bot\trading_dashboard\trader.py", line 622, in handler
    elif event.message.caption:
AttributeError: 'Message' object has no attribute 'caption'
2025-10-04 22:46:15,217 - INFO - MESSAGE NOT IN TARGET TOPIC (Topic ID: None): 'Whose in on the aster signal?...'
2025-10-04 22:46:29,787 - INFO - MESSAGE NOT IN TARGET TOPIC (Topic ID: None): 'I am...'
2025-10-04 22:46:34,273 - INFO - MESSAGE NOT IN TARGET TOPIC (Topic ID: None): 'likewise...'
2025-10-04 22:46:39,990 - INFO - MESSAGE NOT IN TARGET TOPIC (Topic ID: None): 'Before I longed it, on 2.0096...'
2025-10-04 22:46:48,351 - INFO - MESSAGE NOT IN TARGET TOPIC (Topic ID: None): 'then I closed with a little profit...'
2025-10-04 22:46:55,566 - INFO - MESSAGE NOT IN TARGET TOPIC (Topic ID: None): 'then I jumped it again after the signal...'
2025-10-04 22:50:27,596 - INFO - MESSAGE NOT IN TARGET TOPIC (Topic ID: None): 'BNB is green now...'
2025-10-04 22:53:20,403 - INFO - MESSAGE NOT IN TARGET TOPIC (Topic ID: None): 'Aster is dumping...'
2025-10-04 22:53:54,097 - INFO - MESSAGE NOT IN TARGET TOPIC (Topic ID: None): 'Its gonna move on I believe...'
2025-10-04 22:54:02,789 - INFO - MESSAGE NOT IN TARGET TOPIC (Topic ID: None): 'Now its kind of resistant area only...'
2025-10-04 22:54:40,728 - INFO - MESSAGE NOT IN TARGET TOPIC (Topic ID: 76674): '2.0646...'
2025-10-04 22:54:52,352 - INFO - MESSAGE NOT IN TARGET TOPIC (Topic ID: None): 'what is this...'
2025-10-04 22:56:42,761 - INFO - MESSAGE NOT IN TARGET TOPIC (Topic ID: 76674): 'You think it will come back up?...'
2025-10-04 22:56:49,176 - INFO - MESSAGE NOT IN TARGET TOPIC (Topic ID: None): 'yeah...'
2025-10-04 22:57:30,350 - INFO - MESSAGE NOT IN TARGET TOPIC (Topic ID: None): 'imo...'
2025-10-05 00:08:11,604 - INFO - Disconnecting from 91.108.56.139:443/TcpFull...
2025-10-05 00:08:11,608 - INFO - Disconnection from 91.108.56.139:443/TcpFull complete!
2025-10-05 00:08:25,104 - INFO - EXTRACTING FROM TEXT: 'ASTER
LONG - Entry: 2.1072
- SL: 1.9631
TP: 3.5427' (length: 50)
2025-10-05 00:08:25,107 - INFO - EXTRACTED: Symbol=ASTER, Side=LONG, Entry=[2.1072], Close=False
2025-10-05 00:09:24,395 - INFO - SESSION CLEANUP: Removed trader_session.session
2025-10-05 00:09:27,489 - INFO - Connecting to 149.154.167.51:443/TcpFull...
2025-10-05 00:09:29,364 - INFO - Connection to 149.154.167.51:443/TcpFull complete!
2025-10-05 00:09:38,901 - INFO - Phone migrated to 5
2025-10-05 00:09:39,205 - INFO - Reconnecting to new data center 5
2025-10-05 00:09:39,495 - INFO - Disconnecting from 149.154.167.51:443/TcpFull...
2025-10-05 00:09:39,497 - INFO - Disconnection from 149.154.167.51:443/TcpFull complete!
2025-10-05 00:09:39,498 - INFO - Connecting to 91.108.56.139:443/TcpFull...
2025-10-05 00:09:41,394 - INFO - Connection to 91.108.56.139:443/TcpFull complete!
2025-10-05 00:09:53,425 - INFO - TRADER BOT STARTED - Monitoring 2 positions
2025-10-05 00:42:06,425 - INFO - MESSAGE NOT IN TARGET TOPIC (Topic ID: None): 'ASTER 🚀...'
2025-10-05 00:42:40,422 - INFO - MESSAGE NOT IN TARGET TOPIC (Topic ID: None): 'What's entry strategy that you guys use (besides w...'
2025-10-05 00:45:15,942 - INFO - MESSAGE NOT IN TARGET TOPIC (Topic ID: None): 'What is FVG?...'
2025-10-05 00:47:15,755 - INFO - MESSAGE NOT IN TARGET TOPIC (Topic ID: None): 'Fair Value Gap...'
2025-10-05 00:48:10,942 - INFO - MESSAGE NOT IN TARGET TOPIC (Topic ID: 76681): 'Purely speculative 50% of the 4-hour candle, plus ...'
2025-10-05 01:00:50,505 - INFO - MESSAGE NOT IN TARGET TOPIC (Topic ID: 76645): 'In an "isolated" margin, only the capital you spec...'
2025-10-05 01:26:26,358 - INFO - MESSAGE NOT IN TARGET TOPIC (Topic ID: None): 'How much money to  start trading is best ?...'
2025-10-05 01:27:50,032 - INFO - MESSAGE NOT IN TARGET TOPIC (Topic ID: 76686): 'Only as much as you can lose 😂😂...'
2025-10-05 01:30:47,881 - INFO - MESSAGE NOT IN TARGET TOPIC (Topic ID: None): '⚠️ **Trade responsibly and manage your capital wis...'
2025-10-05 03:19:20,384 - INFO - MESSAGE NOT IN TARGET TOPIC (Topic ID: None): 'Aster moving sideways...'
2025-10-05 05:30:53,697 - INFO - MESSAGE NOT IN TARGET TOPIC (Topic ID: None): '⚠️ **Trade responsibly and manage your capital wis...'
2025-10-05 06:35:45,076 - WARNING - Server closed the connection: [WinError 1236] The network connection was aborted by the local system
2025-10-05 06:35:45,093 - INFO - Connection closed while receiving data: [WinError 1236] The network connection was aborted by the local system
2025-10-05 06:35:45,108 - INFO - Closing current connection to begin reconnect...
2025-10-05 06:35:45,121 - INFO - Connecting to 91.108.56.139:443/TcpFull...
2025-10-05 06:35:45,164 - INFO - <class 'ConnectionAbortedError'> during disconnect: [WinError 1236] The network connection was aborted by the local system
2025-10-05 06:35:45,221 - WARNING - Attempt 1 at connecting failed: OSError: [WinError 1232] The network location cannot be reached. For information about network troubleshooting, see Windows Help
2025-10-05 06:35:46,263 - WARNING - Attempt 2 at connecting failed: OSError: [WinError 1232] The network location cannot be reached. For information about network troubleshooting, see Windows Help
2025-10-05 06:35:47,274 - WARNING - Attempt 3 at connecting failed: OSError: [WinError 1232] The network location cannot be reached. For information about network troubleshooting, see Windows Help
2025-10-05 06:35:48,285 - WARNING - Attempt 4 at connecting failed: OSError: [WinError 1232] The network location cannot be reached. For information about network troubleshooting, see Windows Help
2025-10-05 06:35:49,285 - WARNING - Attempt 5 at connecting failed: OSError: [WinError 1232] The network location cannot be reached. For information about network troubleshooting, see Windows Help
2025-10-05 06:35:50,289 - WARNING - Attempt 6 at connecting failed: OSError: [WinError 1232] The network location cannot be reached. For information about network troubleshooting, see Windows Help
2025-10-05 06:35:51,299 - INFO - Failed reconnection attempt 1 with ConnectionError
2025-10-05 06:35:52,309 - INFO - Connecting to 91.108.56.139:443/TcpFull...
2025-10-05 06:35:52,311 - WARNING - Attempt 1 at connecting failed: OSError: [WinError 1232] The network location cannot be reached. For information about network troubleshooting, see Windows Help
2025-10-05 06:35:53,327 - WARNING - Attempt 2 at connecting failed: OSError: [WinError 1232] The network location cannot be reached. For information about network troubleshooting, see Windows Help
2025-10-05 06:35:54,345 - WARNING - Attempt 3 at connecting failed: OSError: [WinError 1232] The network location cannot be reached. For information about network troubleshooting, see Windows Help
2025-10-05 06:35:55,357 - WARNING - Attempt 4 at connecting failed: OSError: [WinError 1232] The network location cannot be reached. For information about network troubleshooting, see Windows Help
2025-10-05 06:35:56,364 - WARNING - Attempt 5 at connecting failed: OSError: [WinError 1232] The network location cannot be reached. For information about network troubleshooting, see Windows Help
2025-10-05 06:35:57,378 - WARNING - Attempt 6 at connecting failed: OSError: [WinError 1232] The network location cannot be reached. For information about network troubleshooting, see Windows Help
2025-10-05 06:35:58,385 - INFO - Failed reconnection attempt 2 with ConnectionError
2025-10-05 06:35:59,396 - INFO - Connecting to 91.108.56.139:443/TcpFull...
2025-10-05 06:35:59,400 - WARNING - Attempt 1 at connecting failed: OSError: [WinError 1232] The network location cannot be reached. For information about network troubleshooting, see Windows Help
2025-10-05 06:36:00,410 - WARNING - Attempt 2 at connecting failed: OSError: [WinError 1232] The network location cannot be reached. For information about network troubleshooting, see Windows Help
2025-10-05 06:36:01,424 - WARNING - Attempt 3 at connecting failed: OSError: [WinError 1232] The network location cannot be reached. For information about network troubleshooting, see Windows Help
2025-10-05 06:36:02,439 - WARNING - Attempt 4 at connecting failed: OSError: [WinError 1232] The network location cannot be reached. For information about network troubleshooting, see Windows Help
2025-10-05 06:36:03,456 - WARNING - Attempt 5 at connecting failed: OSError: [WinError 1232] The network location cannot be reached. For information about network troubleshooting, see Windows Help
2025-10-05 06:36:04,470 - WARNING - Attempt 6 at connecting failed: OSError: [WinError 1232] The network location cannot be reached. For information about network troubleshooting, see Windows Help
2025-10-05 06:36:05,478 - INFO - Failed reconnection attempt 3 with ConnectionError
2025-10-05 06:36:06,487 - INFO - Connecting to 91.108.56.139:443/TcpFull...
2025-10-05 06:36:06,489 - WARNING - Attempt 1 at connecting failed: OSError: [WinError 1232] The network location cannot be reached. For information about network troubleshooting, see Windows Help
2025-10-05 06:36:07,497 - WARNING - Attempt 2 at connecting failed: OSError: [WinError 1232] The network location cannot be reached. For information about network troubleshooting, see Windows Help
2025-10-05 06:36:08,511 - WARNING - Attempt 3 at connecting failed: OSError: [WinError 1232] The network location cannot be reached. For information about network troubleshooting, see Windows Help
2025-10-05 06:36:09,527 - WARNING - Attempt 4 at connecting failed: OSError: [WinError 1232] The network location cannot be reached. For information about network troubleshooting, see Windows Help
2025-10-05 06:36:10,539 - WARNING - Attempt 5 at connecting failed: OSError: [WinError 1232] The network location cannot be reached. For information about network troubleshooting, see Windows Help
2025-10-05 06:36:11,552 - WARNING - Attempt 6 at connecting failed: OSError: [WinError 1232] The network location cannot be reached. For information about network troubleshooting, see Windows Help
2025-10-05 06:36:12,559 - INFO - Failed reconnection attempt 4 with ConnectionError
2025-10-05 06:36:13,573 - INFO - Connecting to 91.108.56.139:443/TcpFull...
2025-10-05 06:36:13,576 - WARNING - Attempt 1 at connecting failed: OSError: [WinError 1232] The network location cannot be reached. For information about network troubleshooting, see Windows Help
2025-10-05 06:36:14,589 - WARNING - Attempt 2 at connecting failed: OSError: [WinError 1232] The network location cannot be reached. For information about network troubleshooting, see Windows Help
2025-10-05 06:36:15,600 - WARNING - Attempt 3 at connecting failed: OSError: [WinError 1232] The network location cannot be reached. For information about network troubleshooting, see Windows Help
2025-10-05 06:36:16,612 - WARNING - Attempt 4 at connecting failed: OSError: [WinError 1232] The network location cannot be reached. For information about network troubleshooting, see Windows Help
2025-10-05 06:36:17,625 - WARNING - Attempt 5 at connecting failed: OSError: [WinError 1232] The network location cannot be reached. For information about network troubleshooting, see Windows Help
2025-10-05 06:36:18,644 - WARNING - Attempt 6 at connecting failed: OSError: [WinError 1232] The network location cannot be reached. For information about network troubleshooting, see Windows Help
2025-10-05 06:36:19,654 - INFO - Failed reconnection attempt 5 with ConnectionError
2025-10-05 06:36:20,663 - ERROR - Automatic reconnection failed 5 time(s)
2025-10-05 06:36:20,664 - INFO - Disconnecting from 91.108.56.139:443/TcpFull...
2025-10-05 06:36:20,665 - INFO - Disconnection from 91.108.56.139:443/TcpFull complete!
2025-10-05 06:36:20,666 - INFO - Not disconnecting (already have no connection)
2025-10-05 06:36:20,682 - ERROR - TRADER ERROR (attempt 1): Connection to Telegram failed 5 time(s)
2025-10-05 06:36:26,689 - INFO - Connecting to 91.108.56.139:443/TcpFull...
2025-10-05 06:36:26,693 - WARNING - Attempt 1 at connecting failed: OSError: [WinError 1232] The network location cannot be reached. For information about network troubleshooting, see Windows Help
2025-10-05 06:36:27,699 - WARNING - Attempt 2 at connecting failed: OSError: [WinError 1232] The network location cannot be reached. For information about network troubleshooting, see Windows Help
2025-10-05 06:36:28,712 - WARNING - Attempt 3 at connecting failed: OSError: [WinError 1232] The network location cannot be reached. For information about network troubleshooting, see Windows Help
2025-10-05 06:36:29,722 - WARNING - Attempt 4 at connecting failed: OSError: [WinError 1232] The network location cannot be reached. For information about network troubleshooting, see Windows Help
2025-10-05 06:36:30,730 - WARNING - Attempt 5 at connecting failed: OSError: [WinError 1232] The network location cannot be reached. For information about network troubleshooting, see Windows Help
2025-10-05 06:36:31,741 - WARNING - Attempt 6 at connecting failed: OSError: [WinError 1232] The network location cannot be reached. For information about network troubleshooting, see Windows Help
2025-10-05 06:36:32,756 - ERROR - TRADER ERROR (attempt 2): Connection to Telegram failed 5 time(s)
2025-10-05 06:36:43,789 - INFO - Connecting to 91.108.56.139:443/TcpFull...
2025-10-05 06:36:43,792 - WARNING - Attempt 1 at connecting failed: OSError: [WinError 1232] The network location cannot be reached. For information about network troubleshooting, see Windows Help
2025-10-05 06:36:44,795 - WARNING - Attempt 2 at connecting failed: OSError: [WinError 1232] The network location cannot be reached. For information about network troubleshooting, see Windows Help
2025-10-05 06:36:45,810 - WARNING - Attempt 3 at connecting failed: OSError: [WinError 1232] The network location cannot be reached. For information about network troubleshooting, see Windows Help
2025-10-05 06:36:46,816 - WARNING - Attempt 4 at connecting failed: OSError: [WinError 1232] The network location cannot be reached. For information about network troubleshooting, see Windows Help
2025-10-05 06:36:47,825 - WARNING - Attempt 5 at connecting failed: OSError: [WinError 1232] The network location cannot be reached. For information about network troubleshooting, see Windows Help
2025-10-05 06:36:48,830 - WARNING - Attempt 6 at connecting failed: OSError: [WinError 1232] The network location cannot be reached. For information about network troubleshooting, see Windows Help
2025-10-05 06:36:49,836 - ERROR - TRADER ERROR (attempt 3): Connection to Telegram failed 5 time(s)
2025-10-05 06:36:49,837 - ERROR - TRADER FAILED: Maximum retries reached
2025-10-05 08:43:24,925 - INFO - SESSION CLEANUP: Removed trader_session.session
2025-10-05 08:43:27,999 - INFO - Connecting to 149.154.167.51:443/TcpFull...
2025-10-05 08:43:30,522 - INFO - Connection to 149.154.167.51:443/TcpFull complete!
2025-10-05 08:45:12,055 - INFO - Phone migrated to 5
2025-10-05 08:45:12,283 - INFO - Reconnecting to new data center 5
2025-10-05 08:45:12,495 - INFO - Disconnecting from 149.154.167.51:443/TcpFull...
2025-10-05 08:45:12,496 - INFO - Disconnection from 149.154.167.51:443/TcpFull complete!
2025-10-05 08:45:12,497 - INFO - Connecting to 91.108.56.139:443/TcpFull...
2025-10-05 08:45:14,046 - INFO - Connection to 91.108.56.139:443/TcpFull complete!
2025-10-05 08:45:28,333 - INFO - TRADER BOT STARTED - Monitoring 3 positions
2025-10-05 09:26:28,128 - INFO - Got difference for account updates
2025-10-05 09:30:57,785 - INFO - MESSAGE NOT IN TARGET TOPIC (Topic ID: None): '⚠️ **Trade responsibly and manage your capital wis...'
2025-10-05 09:35:51,980 - INFO - MESSAGE NOT IN TARGET TOPIC (Topic ID: None): 'What do you think coai?...'
2025-10-05 09:43:45,277 - INFO - Disconnecting from 91.108.56.139:443/TcpFull...
2025-10-05 09:43:45,278 - INFO - Disconnection from 91.108.56.139:443/TcpFull complete!
2025-10-05 09:50:39,832 - INFO - EXTRACTED: Symbol=ASTER, Side=LONG, Entry=[2.1072], Close=False
2025-10-05 09:50:39,843 - INFO - EXTRACTED: Symbol=ASTER, Side=LONG, Entry=[2.1072], Close=False
2025-10-05 09:51:29,126 - INFO - SESSION CLEANUP: Removed trader_session.session
2025-10-05 09:51:32,209 - INFO - Connecting to 149.154.167.51:443/TcpFull...
2025-10-05 09:51:34,581 - INFO - Connection to 149.154.167.51:443/TcpFull complete!
2025-10-05 09:51:45,020 - INFO - Phone migrated to 5
2025-10-05 09:51:45,255 - INFO - Reconnecting to new data center 5
2025-10-05 09:51:45,479 - INFO - Disconnecting from 149.154.167.51:443/TcpFull...
2025-10-05 09:51:45,481 - INFO - Disconnection from 149.154.167.51:443/TcpFull complete!
2025-10-05 09:51:45,482 - INFO - Connecting to 91.108.56.139:443/TcpFull...
2025-10-05 09:51:47,825 - INFO - Connection to 91.108.56.139:443/TcpFull complete!
2025-10-05 09:51:59,339 - INFO - TRADER BOT STARTED - Monitoring 3 positions
2025-10-05 10:10:17,495 - INFO - Got difference for channel 2667026610 updates
2025-10-05 10:19:29,707 - INFO - MESSAGE NOT IN TARGET TOPIC (Topic ID: None): 'GOOOOD MOOOORNING NINJAS!!
PUSH PUSH PUSH...'
2025-10-05 10:21:33,901 - INFO - MESSAGE NOT IN TARGET TOPIC (Topic ID: None): 'Btc wow...'
2025-10-05 10:21:43,060 - INFO - MESSAGE NOT IN TARGET TOPIC (Topic ID: None): 'Good morning [MacGregor](tg://user?id=1556425370)...'
2025-10-05 10:21:55,208 - INFO - MESSAGE NOT IN TARGET TOPIC (Topic ID: None): 'Didnt expect that.  Almost spat my coffee out!...'
2025-10-05 10:22:13,207 - INFO - MESSAGE NOT IN TARGET TOPIC (Topic ID: None): 'Had an eth short order cooked ig😂...'
2025-10-05 10:22:21,554 - INFO - MESSAGE NOT IN TARGET TOPIC (Topic ID: 76693): 'AEVO + 23.6% profit, everyone can close to cover 3...'
2025-10-05 10:22:27,136 - INFO - MESSAGE NOT IN TARGET TOPIC (Topic ID: None): 'Dam...I had Ninja trades on...'
2025-10-05 10:23:04,430 - INFO - MESSAGE NOT IN TARGET TOPIC (Topic ID: 76696): 'ASTER + 23.6% profit, everyone can close to cover ...'
2025-10-05 10:23:14,960 - INFO - Got difference for channel 2667026610 updates
2025-10-05 10:24:53,275 - INFO - MESSAGE NOT IN TARGET TOPIC (Topic ID: 76695): 'ALT + 25.1% profit, everyone can close to cover 30...'
2025-10-05 10:28:13,419 - INFO - Disconnecting from 91.108.56.139:443/TcpFull...
2025-10-05 10:28:13,421 - INFO - Disconnection from 91.108.56.139:443/TcpFull complete!
2025-10-05 10:30:03,957 - INFO - EXTRACTED: Symbol=ASTER, Side=LONG, Entry=[2.1072], Close=False
2025-10-05 10:36:27,884 - INFO - SESSION CLEANUP: Removed trader_session.session
2025-10-05 10:36:30,975 - INFO - Connecting to 149.154.167.51:443/TcpFull...
2025-10-05 10:36:32,919 - INFO - Connection to 149.154.167.51:443/TcpFull complete!
2025-10-05 10:36:50,830 - INFO - Phone migrated to 5
2025-10-05 10:36:51,024 - INFO - Reconnecting to new data center 5
2025-10-05 10:36:51,218 - INFO - Disconnecting from 149.154.167.51:443/TcpFull...
2025-10-05 10:36:51,220 - INFO - Disconnection from 149.154.167.51:443/TcpFull complete!
2025-10-05 10:36:51,222 - INFO - Connecting to 91.108.56.151:443/TcpFull...
2025-10-05 10:36:52,668 - INFO - Connection to 91.108.56.151:443/TcpFull complete!
2025-10-05 10:37:02,865 - INFO - TRADER BOT STARTED - Monitoring 0 positions
2025-10-05 10:38:30,748 - INFO - MESSAGE NO TEXT (Topic ID: 2): Empty message
2025-10-05 10:40:13,106 - INFO - EXTRACTED: Symbol=None, Side=None, Entry=[], Close=False
2025-10-05 10:40:13,147 - INFO - [2025-10-05 10:40:13] MESSAGE: 'i understand bro, Wish you soon achieve big profit with XRP' | SIGNAL: NO_SIGNAL | DETAILS: No valid signal detected
2025-10-05 10:40:13,461 - INFO - MESSAGE NO SIGNAL (Topic ID: 76724): 'i understand bro, Wish you soon achieve big profit...'
2025-10-05 10:41:00,508 - INFO - MESSAGE NOT IN ANY TOPIC: 'The market is starting to get quite FOMO so hopefu...'
2025-10-05 10:56:39,401 - INFO - MESSAGE NOT IN ANY TOPIC: 'Hope so mate!  I need a good xmas lol...'
2025-10-05 10:57:53,725 - WARNING - Server closed the connection: [WinError 64] The specified network name is no longer available
2025-10-05 10:57:53,727 - INFO - Connection closed while receiving data: [WinError 64] The specified network name is no longer available
2025-10-05 10:57:53,727 - INFO - Closing current connection to begin reconnect...
2025-10-05 10:57:53,728 - INFO - Connecting to 91.108.56.151:443/TcpFull...
2025-10-05 10:57:53,729 - INFO - <class 'ConnectionResetError'> during disconnect: [WinError 64] The specified network name is no longer available
2025-10-05 10:57:53,808 - INFO - Connection to 91.108.56.151:443/TcpFull complete!
2025-10-05 11:19:58,309 - INFO - MESSAGE NOT IN ANY TOPIC: 'Good morning guys...'
2025-10-05 11:20:15,976 - INFO - MESSAGE NOT IN ANY TOPIC: 'Aster hit SL yesterday, is it safe to Demeter long...'
2025-10-05 11:34:07,816 - INFO - MESSAGE NOT IN ANY TOPIC: 'Mud is dumping...'
2025-10-05 11:36:48,152 - INFO - MESSAGE NOT IN ANY TOPIC: 'It will pumps again...'
2025-10-05 11:53:14,861 - INFO - MESSAGE NOT IN ANY TOPIC: 'Some of the tps are too good to be true , what is ...'
2025-10-05 12:19:42,313 - INFO - MESSAGE NOT IN ANY TOPIC: 'big loss on myx 10x...'
2025-10-05 12:23:10,063 - INFO - MESSAGE NOT IN ANY TOPIC: 'Myx still didn't hit Sl...'
2025-10-05 12:23:18,623 - INFO - MESSAGE NOT IN ANY TOPIC: 'Just wait and hope...'
2025-10-05 12:25:13,667 - INFO - MESSAGE NOT IN ANY TOPIC: 'on 10x i would have been liquidated at SL... shoul...'
2025-10-05 12:37:22,823 - INFO - MESSAGE NOT IN ANY TOPIC: 'What was the coins?...'
2025-10-05 12:37:56,521 - INFO - EXTRACTED: Symbol=MYX, Side=None, Entry=[], Close=False
2025-10-05 12:37:56,522 - INFO - [2025-10-05 12:37:56] MESSAGE: 'myx' | SIGNAL: NO_SIGNAL | DETAILS: No valid signal detected
2025-10-05 12:37:56,524 - INFO - MESSAGE NO SIGNAL (Topic ID: 76739): 'myx...'
2025-10-05 12:38:28,795 - INFO - MESSAGE NOT IN ANY TOPIC: 'Just for instruction of @enywithoutd...'
2025-10-05 12:44:11,667 - WARNING - Server closed the connection: [WinError 1236] The network connection was aborted by the local system
2025-10-05 12:44:11,671 - INFO - Connection closed while receiving data: [WinError 1236] The network connection was aborted by the local system
2025-10-05 12:44:11,674 - INFO - Closing current connection to begin reconnect...
2025-10-05 12:44:11,678 - INFO - Connecting to 91.108.56.151:443/TcpFull...
2025-10-05 12:44:11,682 - INFO - <class 'ConnectionAbortedError'> during disconnect: [WinError 1236] The network connection was aborted by the local system
2025-10-05 12:44:11,775 - INFO - Connection to 91.108.56.151:443/TcpFull complete!
2025-10-05 12:46:10,874 - INFO - MESSAGE NOT IN ANY TOPIC: 'SPX6900 on an absolute rocket 🚀...'
2025-10-05 12:46:52,967 - INFO - MESSAGE NOT IN ANY TOPIC: 'Up 83% in 5 days !!...'
2025-10-05 12:46:58,725 - INFO - MESSAGE NOT IN ANY TOPIC: 'WTF...'
2025-10-05 12:47:51,534 - INFO - MESSAGE NOT IN ANY TOPIC: 'What the technical analysis on that??? 😂...'
2025-10-05 12:54:36,409 - INFO - EXTRACTED: Symbol=None, Side=LONG, Entry=[], Close=False
2025-10-05 12:54:36,410 - INFO - [2025-10-05 12:54:36] MESSAGE: '100  10x  5.953  4.525  Long  -239.8790526 @enywithoutd' | SIGNAL: NO_SIGNAL | DETAILS: No valid signal detected
2025-10-05 12:54:36,413 - INFO - MESSAGE NO SIGNAL (Topic ID: 76741): '100  10x  5.953  4.525  Long  -239.8790526
@enywit...'
2025-10-05 12:55:57,029 - INFO - EXTRACTED: Symbol=None, Side=None, Entry=[], Close=False
2025-10-05 12:55:57,034 - INFO - [2025-10-05 12:55:57] MESSAGE: 'Whats this' | SIGNAL: NO_SIGNAL | DETAILS: No valid signal detected
2025-10-05 12:55:57,041 - INFO - MESSAGE NO SIGNAL (Topic ID: 76746): 'Whats this...'
2025-10-05 12:56:47,923 - INFO - EXTRACTED: Symbol=None, Side=None, Entry=[], Close=False
2025-10-05 12:56:47,925 - INFO - [2025-10-05 12:56:47] MESSAGE: 'with the SL the loss would be more than the margin... in these cases what should i do ?' | SIGNAL: NO_SIGNAL | DETAILS: No valid signal detected
2025-10-05 12:56:47,928 - INFO - MESSAGE NO SIGNAL (Topic ID: 76747): 'with the SL the loss would be more than the margin...'
2025-10-05 13:04:30,241 - INFO - EXTRACTED: Symbol=None, Side=None, Entry=[], Close=False
2025-10-05 13:04:30,243 - INFO - [2025-10-05 13:04:30] MESSAGE: 'You didn't manage your capital allocation for the trade well.. It seems your volume was too high' | SIGNAL: NO_SIGNAL | DETAILS: No valid signal detected
2025-10-05 13:04:30,248 - INFO - MESSAGE NO SIGNAL (Topic ID: 76748): 'You didn't manage your capital allocation for the ...'
2025-10-05 13:04:30,317 - INFO - MESSAGE NOT IN ANY TOPIC: 'Did you know that many traders earn $50 a day on B...'
2025-10-05 13:07:08,832 - INFO - EXTRACTED: Symbol=None, Side=None, Entry=[], Close=False
2025-10-05 13:07:08,833 - INFO - [2025-10-05 13:07:08] MESSAGE: 'I should have lowered the Lev. Ninja is good I will make the loss by evening 🙏🏻' | SIGNAL: NO_SIGNAL | DETAILS: No valid signal detected
2025-10-05 13:07:08,835 - INFO - MESSAGE NO SIGNAL (Topic ID: 76749): 'I should have lowered the Lev.
Ninja is good I wil...'
2025-10-05 13:18:43,466 - INFO - EXTRACTED: Symbol=None, Side=None, Entry=[], Close=False
2025-10-05 13:18:43,466 - INFO - [2025-10-05 13:18:43] MESSAGE: 'It isn't really about leverage.. If you had used 10$  with the 10x Lev, that would have given you a ...' | SIGNAL: NO_SIGNAL | DETAILS: No valid signal detected
2025-10-05 13:18:43,468 - INFO - MESSAGE NO SIGNAL (Topic ID: 76751): 'It isn't really about leverage.. If you had used 1...'
2025-10-05 13:30:48,619 - INFO - MESSAGE NOT IN ANY TOPIC: '⚠️ **Trade responsibly and manage your capital wis...'
2025-10-05 13:34:22,343 - INFO - MESSAGE NOT IN ANY TOPIC: 'Please guys  what is the rule for closing trades p...'
2025-10-05 13:36:10,297 - INFO - MESSAGE NOT IN ANY TOPIC: 'My $BONK trade is up about 83% profit...'
2025-10-05 13:38:20,380 - INFO - MESSAGE NOT IN ANY TOPIC: 'Aster 37 profit can we take 10% vol?...'
2025-10-05 13:41:38,465 - INFO - MESSAGE NOT IN ANY TOPIC: 'Keep AKRM open ?...'
2025-10-05 13:41:50,621 - INFO - MESSAGE NOT IN ANY TOPIC: 'Did a nice bounce up near SL...'
2025-10-05 13:44:37,696 - INFO - MESSAGE NOT IN ANY TOPIC: 'ARKM*...'
2025-10-05 13:46:54,965 - INFO - MESSAGE NOT IN ANY TOPIC: 'Akrm was near to hit SL but now it is making dista...'
2025-10-05 13:57:01,006 - INFO - MESSAGE NOT IN ANY TOPIC: 'Will myx pump?...'
2025-10-05 14:09:25,863 - INFO - [2025-10-05 14:09:25] MESSAGE: 'No rigid rule dictate how you must take profit. It all depends on your greed level and what you are ...' | SIGNAL: NO_SIGNAL | DETAILS: No valid signal detected
2025-10-05 14:09:25,866 - INFO - MESSAGE NO SIGNAL (Topic ID: 76754): 'No rigid rule dictate how you must take profit. It...'
2025-10-05 14:53:33,468 - WARNING - Server closed the connection: [WinError 121] The semaphore timeout period has expired
2025-10-05 14:53:33,472 - INFO - Connection closed while receiving data: [WinError 121] The semaphore timeout period has expired
2025-10-05 14:53:33,473 - INFO - Closing current connection to begin reconnect...
2025-10-05 14:53:33,475 - INFO - Connecting to 91.108.56.151:443/TcpFull...
2025-10-05 14:53:33,477 - INFO - <class 'OSError'> during disconnect: [WinError 121] The semaphore timeout period has expired
2025-10-05 14:53:33,478 - WARNING - Attempt 1 at connecting failed: OSError: [WinError 1232] The network location cannot be reached. For information about network troubleshooting, see Windows Help
2025-10-05 14:53:34,482 - WARNING - Attempt 2 at connecting failed: OSError: [WinError 1232] The network location cannot be reached. For information about network troubleshooting, see Windows Help
2025-10-05 14:53:35,493 - WARNING - Attempt 3 at connecting failed: OSError: [WinError 1232] The network location cannot be reached. For information about network troubleshooting, see Windows Help
2025-10-05 14:53:36,503 - WARNING - Attempt 4 at connecting failed: OSError: [WinError 1232] The network location cannot be reached. For information about network troubleshooting, see Windows Help
2025-10-05 14:53:37,517 - WARNING - Attempt 5 at connecting failed: OSError: [WinError 1232] The network location cannot be reached. For information about network troubleshooting, see Windows Help
2025-10-05 14:53:38,531 - WARNING - Attempt 6 at connecting failed: OSError: [WinError 1232] The network location cannot be reached. For information about network troubleshooting, see Windows Help
2025-10-05 14:53:39,539 - INFO - Failed reconnection attempt 1 with ConnectionError
2025-10-05 14:53:40,547 - INFO - Connecting to 91.108.56.151:443/TcpFull...
2025-10-05 14:53:40,550 - WARNING - Attempt 1 at connecting failed: OSError: [WinError 1232] The network location cannot be reached. For information about network troubleshooting, see Windows Help
2025-10-05 14:53:41,555 - WARNING - Attempt 2 at connecting failed: OSError: [WinError 1232] The network location cannot be reached. For information about network troubleshooting, see Windows Help
2025-10-05 14:53:42,570 - WARNING - Attempt 3 at connecting failed: OSError: [WinError 1232] The network location cannot be reached. For information about network troubleshooting, see Windows Help
2025-10-05 14:53:43,577 - WARNING - Attempt 4 at connecting failed: OSError: [WinError 1232] The network location cannot be reached. For information about network troubleshooting, see Windows Help
2025-10-05 14:53:44,585 - WARNING - Attempt 5 at connecting failed: OSError: [WinError 1232] The network location cannot be reached. For information about network troubleshooting, see Windows Help
2025-10-05 14:53:45,595 - WARNING - Attempt 6 at connecting failed: OSError: [WinError 1232] The network location cannot be reached. For information about network troubleshooting, see Windows Help
2025-10-05 14:53:46,610 - INFO - Failed reconnection attempt 2 with ConnectionError
2025-10-05 14:53:47,621 - INFO - Connecting to 91.108.56.151:443/TcpFull...
2025-10-05 14:53:47,623 - WARNING - Attempt 1 at connecting failed: OSError: [WinError 1232] The network location cannot be reached. For information about network troubleshooting, see Windows Help
2025-10-05 14:53:48,637 - WARNING - Attempt 2 at connecting failed: OSError: [WinError 1232] The network location cannot be reached. For information about network troubleshooting, see Windows Help
2025-10-05 14:53:49,652 - WARNING - Attempt 3 at connecting failed: OSError: [WinError 1232] The network location cannot be reached. For information about network troubleshooting, see Windows Help
2025-10-05 14:53:50,666 - WARNING - Attempt 4 at connecting failed: OSError: [WinError 1232] The network location cannot be reached. For information about network troubleshooting, see Windows Help
2025-10-05 14:53:51,670 - WARNING - Attempt 5 at connecting failed: OSError: [WinError 1232] The network location cannot be reached. For information about network troubleshooting, see Windows Help
2025-10-05 14:53:52,680 - WARNING - Attempt 6 at connecting failed: OSError: [WinError 1232] The network location cannot be reached. For information about network troubleshooting, see Windows Help
2025-10-05 14:53:53,689 - INFO - Failed reconnection attempt 3 with ConnectionError
2025-10-05 14:53:54,702 - INFO - Connecting to 91.108.56.151:443/TcpFull...
2025-10-05 14:53:54,704 - WARNING - Attempt 1 at connecting failed: OSError: [WinError 1232] The network location cannot be reached. For information about network troubleshooting, see Windows Help
2025-10-05 14:53:55,717 - WARNING - Attempt 2 at connecting failed: OSError: [WinError 1232] The network location cannot be reached. For information about network troubleshooting, see Windows Help
2025-10-05 14:53:56,734 - WARNING - Attempt 3 at connecting failed: OSError: [WinError 1232] The network location cannot be reached. For information about network troubleshooting, see Windows Help
2025-10-05 14:53:57,740 - WARNING - Attempt 4 at connecting failed: OSError: [WinError 1232] The network location cannot be reached. For information about network troubleshooting, see Windows Help
2025-10-05 14:53:58,751 - WARNING - Attempt 5 at connecting failed: OSError: [WinError 1232] The network location cannot be reached. For information about network troubleshooting, see Windows Help
2025-10-05 14:53:59,763 - WARNING - Attempt 6 at connecting failed: OSError: [WinError 1232] The network location cannot be reached. For information about network troubleshooting, see Windows Help
2025-10-05 14:54:00,776 - INFO - Failed reconnection attempt 4 with ConnectionError
2025-10-05 14:54:01,791 - INFO - Connecting to 91.108.56.151:443/TcpFull...
2025-10-05 14:54:01,794 - WARNING - Attempt 1 at connecting failed: OSError: [WinError 1232] The network location cannot be reached. For information about network troubleshooting, see Windows Help
2025-10-05 14:54:02,805 - WARNING - Attempt 2 at connecting failed: OSError: [WinError 1232] The network location cannot be reached. For information about network troubleshooting, see Windows Help
2025-10-05 14:54:03,811 - WARNING - Attempt 3 at connecting failed: OSError: [WinError 1232] The network location cannot be reached. For information about network troubleshooting, see Windows Help
2025-10-05 14:54:04,818 - WARNING - Attempt 4 at connecting failed: OSError: [WinError 1232] The network location cannot be reached. For information about network troubleshooting, see Windows Help
2025-10-05 14:54:05,828 - WARNING - Attempt 5 at connecting failed: OSError: [WinError 1232] The network location cannot be reached. For information about network troubleshooting, see Windows Help
2025-10-05 14:54:06,842 - WARNING - Attempt 6 at connecting failed: OSError: [WinError 1232] The network location cannot be reached. For information about network troubleshooting, see Windows Help
2025-10-05 14:54:07,850 - INFO - Failed reconnection attempt 5 with ConnectionError
2025-10-05 14:54:08,859 - ERROR - Automatic reconnection failed 5 time(s)
2025-10-05 14:54:08,859 - INFO - Disconnecting from 91.108.56.151:443/TcpFull...
2025-10-05 14:54:08,860 - ERROR - Future exception was never retrieved
future: <Future finished exception=ConnectionError('Connection to Telegram failed 5 time(s)')>
ConnectionError: Connection to Telegram failed 5 time(s)
2025-10-05 14:54:08,861 - INFO - Disconnection from 91.108.56.151:443/TcpFull complete!
2025-10-05 14:54:08,862 - INFO - Cannot get difference for channel 2039861131 since the network is down: ConnectionError: Connection to Telegram failed 5 time(s)
2025-10-05 14:54:08,862 - INFO - Not disconnecting (already have no connection)
2025-10-05 14:54:08,870 - ERROR - TRADER ERROR (attempt 1): Connection to Telegram failed 5 time(s)
2025-10-05 14:54:14,895 - INFO - Connecting to 91.108.56.151:443/TcpFull...
2025-10-05 14:54:14,897 - WARNING - Attempt 1 at connecting failed: OSError: [WinError 1232] The network location cannot be reached. For information about network troubleshooting, see Windows Help
2025-10-05 14:54:15,901 - WARNING - Attempt 2 at connecting failed: OSError: [WinError 1232] The network location cannot be reached. For information about network troubleshooting, see Windows Help
2025-10-05 14:54:16,911 - WARNING - Attempt 3 at connecting failed: OSError: [WinError 1232] The network location cannot be reached. For information about network troubleshooting, see Windows Help
2025-10-05 14:54:17,923 - WARNING - Attempt 4 at connecting failed: OSError: [WinError 1232] The network location cannot be reached. For information about network troubleshooting, see Windows Help
2025-10-05 14:54:18,935 - WARNING - Attempt 5 at connecting failed: OSError: [WinError 1232] The network location cannot be reached. For information about network troubleshooting, see Windows Help
2025-10-05 14:54:19,946 - WARNING - Attempt 6 at connecting failed: OSError: [WinError 1232] The network location cannot be reached. For information about network troubleshooting, see Windows Help
2025-10-05 14:54:20,956 - ERROR - TRADER ERROR (attempt 2): Connection to Telegram failed 5 time(s)
2025-10-05 14:54:31,973 - INFO - Connecting to 91.108.56.151:443/TcpFull...
2025-10-05 14:54:31,974 - WARNING - Attempt 1 at connecting failed: OSError: [WinError 1232] The network location cannot be reached. For information about network troubleshooting, see Windows Help
2025-10-05 14:54:32,982 - WARNING - Attempt 2 at connecting failed: OSError: [WinError 1232] The network location cannot be reached. For information about network troubleshooting, see Windows Help
2025-10-05 14:54:33,994 - WARNING - Attempt 3 at connecting failed: OSError: [WinError 1232] The network location cannot be reached. For information about network troubleshooting, see Windows Help
2025-10-05 14:54:35,006 - WARNING - Attempt 4 at connecting failed: OSError: [WinError 1232] The network location cannot be reached. For information about network troubleshooting, see Windows Help
2025-10-05 14:54:36,019 - WARNING - Attempt 5 at connecting failed: OSError: [WinError 1232] The network location cannot be reached. For information about network troubleshooting, see Windows Help
2025-10-05 14:54:37,034 - WARNING - Attempt 6 at connecting failed: OSError: [WinError 1232] The network location cannot be reached. For information about network troubleshooting, see Windows Help
2025-10-05 14:54:38,045 - ERROR - TRADER ERROR (attempt 3): Connection to Telegram failed 5 time(s)
2025-10-05 14:54:38,047 - ERROR - TRADER FAILED: Maximum retries reached
2025-10-05 16:30:42,002 - INFO - SESSION CLEANUP: Removed trader_session.session
2025-10-05 16:30:45,062 - INFO - Connecting to 149.154.167.51:443/TcpFull...
2025-10-05 16:30:47,045 - INFO - Connection to 149.154.167.51:443/TcpFull complete!
2025-10-05 16:30:55,329 - INFO - Phone migrated to 5
2025-10-05 16:30:55,514 - INFO - Reconnecting to new data center 5
2025-10-05 16:30:55,732 - INFO - Disconnecting from 149.154.167.51:443/TcpFull...
2025-10-05 16:30:55,733 - INFO - Disconnection from 149.154.167.51:443/TcpFull complete!
2025-10-05 16:30:55,735 - INFO - Connecting to 91.108.56.151:443/TcpFull...
2025-10-05 16:30:57,260 - INFO - Connection to 91.108.56.151:443/TcpFull complete!
2025-10-05 16:31:16,959 - INFO - TRADER BOT STARTED - Monitoring 0 positions
2025-10-05 16:49:58,785 - INFO - MESSAGE NOT IN ANY TOPIC: 'I am near to liquid...'
2025-10-05 16:50:18,404 - INFO - EXTRACTED: Symbol=None, Side=None, Entry=[], Close=False
2025-10-05 16:50:18,404 - INFO - [2025-10-05 16:50:18] MESSAGE: 'Add margin' | SIGNAL: NO_SIGNAL | DETAILS: No valid signal detected
2025-10-05 16:50:18,406 - INFO - MESSAGE NO SIGNAL (Topic ID: 76767): 'Add margin...'
2025-10-05 16:51:17,722 - INFO - MESSAGE NOT IN ANY TOPIC: 'Whats happening to aster...'
2025-10-05 16:51:24,375 - INFO - MESSAGE NOT IN ANY TOPIC: 'If you are not close to SL but close to Liquidatio...'
2025-10-05 16:52:18,450 - INFO - MESSAGE NOT IN ANY TOPIC: 'ensure ur SL is higher than you Liquidation price ...'
2025-10-05 17:14:00,979 - INFO - MESSAGE NOT IN ANY TOPIC: 'Aia start 🚀🚀...'
2025-10-05 17:30:48,751 - INFO - MESSAGE NOT IN ANY TOPIC: '⚠️ **Trade responsibly and manage your capital wis...'
2025-10-05 17:49:34,060 - INFO - EXTRACTED: Symbol=None, Side=None, Entry=[], Close=False
2025-10-05 17:49:34,062 - INFO - [2025-10-05 17:49:34] MESSAGE: 'how do we handle take profit (tp)?' | SIGNAL: NO_SIGNAL | DETAILS: No valid signal detected
2025-10-05 17:49:34,066 - INFO - MESSAGE NO SIGNAL (Topic ID: 57512): 'how do we handle take profit (tp)?...'
2025-10-05 17:49:34,797 - INFO - [2025-10-05 17:49:34] MESSAGE: '🎯 **If TP1 (or higher levels) are reached, you can either:**  - Take partial profit (e.g. close 30% ...' | SIGNAL: CLOSE_SIGNAL | DETAILS: Symbol: TP
2025-10-05 18:08:55,736 - INFO - MESSAGE NOT IN ANY TOPIC: 'Aster hit sl twice 🥲...'
2025-10-05 18:44:53,828 - INFO - MESSAGE NOT IN ANY TOPIC: 'Yeah...'
2025-10-05 18:45:43,337 - INFO - MESSAGE NOT IN ANY TOPIC: 'Hope to cover soon...'
2025-10-05 19:07:31,847 - INFO - MESSAGE NOT IN ANY TOPIC: 'Does anyone know when the MYX short candle will br...'
2025-10-05 19:08:42,255 - INFO - MESSAGE NOT IN ANY TOPIC: '@enywithoutd  any idea when MYX will pump, it's cu...'
2025-10-05 20:13:06,388 - INFO - MESSAGE NOT IN ANY TOPIC: '😨...'
2025-10-05 20:21:07,315 - INFO - MESSAGE NOT IN ANY TOPIC: '@enywithoutd Hi Sir can we extend sl if it reachin...'
2025-10-05 20:28:01,501 - INFO - EXTRACTED: Symbol=None, Side=None, Entry=[], Close=False
2025-10-05 20:28:01,501 - INFO - [2025-10-05 20:28:01] MESSAGE: 'Did we call it?' | SIGNAL: NO_SIGNAL | DETAILS: No valid signal detected
2025-10-05 20:28:01,503 - INFO - MESSAGE NO SIGNAL (Topic ID: 76780): 'Did we call it?...'
2025-10-05 20:28:07,551 - INFO - EXTRACTED: Symbol=None, Side=None, Entry=[], Close=False
2025-10-05 20:28:07,552 - INFO - [2025-10-05 20:28:07] MESSAGE: 'Leave sl there bro' | SIGNAL: NO_SIGNAL | DETAILS: No valid signal detected
2025-10-05 20:28:07,555 - INFO - MESSAGE NO SIGNAL (Topic ID: 76782): 'Leave sl there bro...'
2025-10-05 20:28:12,941 - INFO - MESSAGE NOT IN ANY TOPIC: 'Sl is to correct your foul...'
2025-10-05 20:34:33,763 - INFO - MESSAGE NOT IN ANY TOPIC: 'Anyone know anything about atom?...'
2025-10-05 20:36:20,093 - INFO - MESSAGE NOT IN ANY TOPIC: 'how is moodeng doing  ?...'
2025-10-05 20:42:35,178 - INFO - Disconnecting from 91.108.56.151:443/TcpFull...
2025-10-05 20:42:35,179 - INFO - Disconnection from 91.108.56.151:443/TcpFull complete!
