2025-07-02 17:08:39,829 - INFO - Starting trading bot for DOGEUSDT with 10x leverage
2025-07-02 17:08:40,598 - ERROR - Error setting margin type: APIError(code=-4046): No need to change margin type.
2025-07-02 17:08:40,758 - INFO - Leverage set to 10x for DOGEUSDT
2025-07-02 17:08:40,915 - INFO - No trading signal
2025-07-02 17:09:41,096 - INFO - No trading signal
2025-07-02 17:10:41,282 - INFO - No trading signal
2025-07-02 17:11:41,497 - INFO - No trading signal
2025-07-02 17:12:41,662 - INFO - No trading signal
2025-07-02 17:13:41,828 - INFO - No trading signal
2025-07-02 17:14:42,250 - INFO - No trading signal
2025-07-02 17:15:42,426 - INFO - No trading signal
2025-07-02 17:16:42,602 - INFO - No trading signal
2025-07-02 17:17:42,789 - INFO - No trading signal
2025-07-02 17:18:42,964 - INFO - No trading signal
2025-07-02 17:19:43,132 - INFO - No trading signal
2025-07-02 17:20:43,328 - INFO - No trading signal
2025-07-02 17:21:43,525 - INFO - No trading signal
2025-07-02 17:22:43,681 - INFO - No trading signal
2025-07-02 17:23:43,901 - INFO - No trading signal
2025-07-02 17:24:44,063 - INFO - No trading signal
2025-07-02 17:25:44,310 - INFO - No trading signal
2025-07-02 17:26:44,522 - INFO - No trading signal
2025-07-02 17:27:44,758 - INFO - No trading signal
2025-07-02 17:28:44,932 - INFO - No trading signal
2025-07-02 17:29:45,269 - INFO - No trading signal
2025-07-02 17:30:45,483 - INFO - No trading signal
2025-07-02 17:31:45,659 - INFO - No trading signal
2025-07-02 17:32:45,828 - INFO - No trading signal
2025-07-02 17:33:45,996 - INFO - No trading signal
2025-07-02 17:34:46,148 - INFO - No trading signal
2025-07-02 17:35:46,324 - INFO - No trading signal
2025-07-02 17:36:46,497 - INFO - No trading signal
2025-07-02 17:37:46,653 - INFO - No trading signal
2025-07-02 17:38:46,819 - INFO - No trading signal
2025-07-02 17:39:46,980 - INFO - No trading signal
2025-07-02 17:40:47,269 - INFO - No trading signal
2025-07-02 17:41:47,492 - INFO - No trading signal
2025-07-02 17:42:47,649 - INFO - No trading signal
2025-07-02 17:43:47,805 - INFO - No trading signal
2025-07-02 17:44:47,990 - INFO - No trading signal
2025-07-02 17:45:48,139 - INFO - No trading signal
2025-07-02 17:46:48,319 - INFO - No trading signal
2025-07-02 17:47:48,498 - INFO - No trading signal
2025-07-02 17:48:48,684 - INFO - No trading signal
2025-07-02 17:49:48,828 - INFO - No trading signal
2025-07-02 17:50:49,005 - INFO - No trading signal
2025-07-02 17:51:49,173 - INFO - No trading signal
2025-07-02 17:52:49,328 - INFO - No trading signal
2025-07-02 17:53:49,498 - INFO - No trading signal
2025-07-02 17:54:49,649 - INFO - No trading signal
2025-07-02 17:55:49,812 - INFO - No trading signal
2025-07-02 17:56:49,972 - INFO - No trading signal
2025-07-02 17:57:50,121 - INFO - No trading signal
2025-07-02 17:58:50,280 - INFO - No trading signal
2025-07-02 17:59:50,459 - INFO - No trading signal
2025-07-02 18:00:50,610 - INFO - No trading signal
2025-07-02 18:01:50,773 - INFO - No trading signal
2025-07-02 18:02:50,926 - INFO - No trading signal
2025-07-02 18:03:51,097 - INFO - No trading signal
2025-07-02 18:04:51,269 - INFO - No trading signal
2025-07-02 18:05:51,431 - INFO - No trading signal
2025-07-02 18:06:51,602 - INFO - No trading signal
2025-07-02 18:07:51,755 - INFO - No trading signal
2025-07-02 18:08:51,906 - INFO - No trading signal
2025-07-02 18:09:52,065 - INFO - No trading signal
2025-07-02 18:10:52,216 - INFO - No trading signal
2025-07-02 18:11:52,365 - INFO - No trading signal
2025-07-02 18:12:52,542 - INFO - No trading signal
2025-07-02 18:13:52,699 - INFO - No trading signal
2025-07-02 18:14:52,847 - INFO - No trading signal
2025-07-02 18:15:53,010 - INFO - No trading signal
2025-07-02 18:16:53,165 - INFO - No trading signal
2025-07-02 18:17:53,341 - INFO - No trading signal
2025-07-02 18:18:53,516 - INFO - No trading signal
2025-07-02 18:19:53,676 - INFO - No trading signal
2025-07-02 18:20:53,830 - INFO - No trading signal
2025-07-02 18:21:53,995 - INFO - No trading signal
2025-07-02 18:22:54,160 - INFO - No trading signal
2025-07-02 18:23:54,329 - INFO - No trading signal
2025-07-02 18:24:54,482 - INFO - No trading signal
2025-07-02 18:25:54,652 - INFO - No trading signal
2025-07-02 18:26:54,815 - INFO - No trading signal
2025-07-02 18:27:55,004 - INFO - No trading signal
2025-07-02 18:28:55,190 - INFO - No trading signal
2025-07-02 18:29:55,379 - INFO - No trading signal
2025-07-02 18:30:55,534 - INFO - No trading signal
2025-07-02 18:31:55,699 - INFO - No trading signal
2025-07-02 18:32:55,889 - INFO - No trading signal
2025-07-02 18:33:56,058 - INFO - No trading signal
2025-07-02 18:34:56,221 - INFO - No trading signal
2025-07-02 18:35:56,391 - INFO - No trading signal
2025-07-02 18:36:56,548 - INFO - No trading signal
2025-07-02 18:37:56,716 - INFO - No trading signal
2025-07-02 18:38:56,881 - INFO - No trading signal
2025-07-02 18:39:57,091 - INFO - No trading signal
2025-07-02 18:40:57,255 - INFO - No trading signal
2025-07-02 18:41:57,405 - INFO - No trading signal
2025-07-02 18:42:57,570 - INFO - No trading signal
2025-07-02 18:43:57,730 - INFO - No trading signal
2025-07-02 18:44:57,896 - INFO - No trading signal
2025-07-02 18:45:58,065 - INFO - No trading signal
2025-07-02 18:46:58,221 - INFO - No trading signal
2025-07-02 18:47:58,416 - INFO - No trading signal
2025-07-02 18:48:58,564 - INFO - No trading signal
2025-07-02 18:49:58,742 - INFO - No trading signal
2025-07-02 18:50:58,932 - INFO - No trading signal
2025-07-02 18:51:59,101 - INFO - No trading signal
2025-07-02 18:52:59,271 - INFO - No trading signal
2025-07-02 18:53:59,455 - INFO - No trading signal
2025-07-02 18:54:59,865 - INFO - No trading signal
2025-07-02 18:56:00,023 - INFO - No trading signal
2025-07-02 18:57:00,178 - INFO - No trading signal
2025-07-02 18:58:00,328 - INFO - No trading signal
2025-07-02 18:59:00,495 - INFO - No trading signal
2025-07-02 19:00:00,651 - INFO - No trading signal
2025-07-02 19:01:00,805 - INFO - No trading signal
2025-07-02 19:02:00,963 - INFO - No trading signal
2025-07-02 19:03:01,130 - INFO - No trading signal
2025-07-02 19:04:01,303 - INFO - No trading signal
2025-07-02 19:05:01,472 - INFO - No trading signal
2025-07-02 19:06:01,627 - INFO - No trading signal
2025-07-02 19:07:01,807 - INFO - No trading signal
2025-07-02 19:08:01,967 - INFO - No trading signal
2025-07-02 19:09:02,127 - INFO - No trading signal
2025-07-02 19:10:02,271 - INFO - No trading signal
2025-07-02 19:11:02,431 - INFO - No trading signal
2025-07-02 19:12:02,612 - INFO - No trading signal
2025-07-02 19:13:02,793 - INFO - No trading signal
2025-07-02 19:14:02,972 - INFO - No trading signal
2025-07-02 19:15:03,133 - INFO - No trading signal
2025-07-02 19:16:03,304 - INFO - No trading signal
2025-07-02 19:17:03,528 - INFO - No trading signal
2025-07-02 19:18:03,735 - INFO - No trading signal
2025-07-02 19:19:03,902 - INFO - No trading signal
2025-07-02 19:20:04,062 - INFO - No trading signal
2025-07-02 19:21:04,231 - INFO - No trading signal
2025-07-02 19:22:04,394 - INFO - No trading signal
2025-07-02 19:23:04,547 - INFO - No trading signal
2025-07-02 19:24:04,717 - INFO - No trading signal
2025-07-02 19:25:04,883 - INFO - No trading signal
2025-07-02 19:26:05,080 - INFO - No trading signal
2025-07-02 19:27:05,589 - INFO - No trading signal
2025-07-02 19:28:05,814 - INFO - No trading signal
2025-07-02 19:29:05,983 - INFO - No trading signal
2025-07-02 19:30:06,143 - INFO - No trading signal
2025-07-02 19:31:06,322 - INFO - No trading signal
2025-07-02 19:32:06,480 - INFO - No trading signal
2025-07-02 19:33:06,634 - INFO - No trading signal
2025-07-02 19:34:06,945 - INFO - No trading signal
2025-07-02 19:35:07,294 - INFO - No trading signal
2025-07-02 19:36:07,722 - INFO - No trading signal
2025-07-02 19:37:07,898 - INFO - No trading signal
2025-07-02 19:38:08,085 - INFO - No trading signal
2025-07-02 19:39:08,232 - INFO - No trading signal
2025-07-02 19:40:08,413 - INFO - No trading signal
2025-07-02 19:41:08,604 - INFO - No trading signal
2025-07-02 19:42:08,785 - INFO - No trading signal
2025-07-02 19:43:08,945 - INFO - No trading signal
2025-07-02 19:44:09,107 - INFO - No trading signal
2025-07-02 19:45:09,282 - INFO - No trading signal
2025-07-02 19:46:09,464 - INFO - No trading signal
2025-07-02 19:47:10,045 - INFO - No trading signal
2025-07-02 19:48:10,222 - INFO - No trading signal
2025-07-02 19:49:10,399 - INFO - No trading signal
2025-07-02 19:50:10,567 - INFO - No trading signal
2025-07-02 19:51:10,835 - INFO - No trading signal
2025-07-02 19:52:11,034 - INFO - No trading signal
2025-07-02 19:53:11,293 - INFO - No trading signal
2025-07-02 19:54:11,465 - INFO - No trading signal
2025-07-02 19:55:11,646 - INFO - No trading signal
2025-07-02 19:56:11,813 - INFO - No trading signal
2025-07-02 19:57:11,980 - INFO - No trading signal
2025-07-02 19:58:12,161 - INFO - No trading signal
2025-07-02 19:59:12,328 - INFO - No trading signal
2025-07-02 20:00:12,545 - INFO - No trading signal
2025-07-02 20:01:12,706 - INFO - No trading signal
2025-07-02 20:02:12,886 - INFO - No trading signal
2025-07-02 20:03:13,063 - INFO - No trading signal
2025-07-02 20:04:13,236 - INFO - No trading signal
2025-07-02 20:05:13,402 - INFO - No trading signal
2025-07-02 20:06:13,567 - INFO - No trading signal
2025-07-02 20:07:13,754 - INFO - No trading signal
2025-07-02 20:08:13,928 - INFO - No trading signal
2025-07-02 20:09:14,101 - INFO - No trading signal
2025-07-02 20:10:16,077 - INFO - No trading signal
2025-07-02 20:11:16,345 - INFO - No trading signal
2025-07-02 20:12:16,686 - INFO - No trading signal
2025-07-02 20:13:16,983 - INFO - No trading signal
2025-07-02 20:14:17,257 - INFO - No trading signal
2025-07-02 20:15:17,545 - INFO - No trading signal
2025-07-02 20:16:17,820 - INFO - No trading signal
2025-07-02 20:17:18,096 - INFO - No trading signal
2025-07-02 20:18:18,408 - INFO - No trading signal
2025-07-02 20:19:18,673 - INFO - No trading signal
2025-07-02 20:20:18,974 - INFO - No trading signal
2025-07-02 20:21:19,947 - INFO - No trading signal
2025-07-02 20:22:20,238 - INFO - No trading signal
2025-07-02 20:23:20,575 - INFO - No trading signal
2025-07-02 20:24:20,842 - INFO - No trading signal
2025-07-02 20:25:21,117 - INFO - No trading signal
2025-07-02 20:26:21,366 - INFO - No trading signal
2025-07-02 20:27:21,679 - INFO - No trading signal
2025-07-02 20:28:21,947 - INFO - No trading signal
2025-07-02 20:29:22,219 - INFO - No trading signal
2025-07-02 20:30:22,551 - INFO - No trading signal
2025-07-02 20:31:22,818 - INFO - No trading signal
2025-07-02 20:32:23,105 - INFO - No trading signal
2025-07-02 20:33:23,375 - INFO - No trading signal
2025-07-02 20:34:23,654 - INFO - No trading signal
2025-07-02 20:35:23,952 - INFO - Signal detected: BUY
2025-07-02 20:36:24,806 - INFO - Signal detected: BUY
